{"numFailedTestSuites":43,"numFailedTests":114,"numPassedTestSuites":26,"numPassedTests":343,"numPendingTestSuites":0,"numPendingTests":0,"numRuntimeErrorTestSuites":27,"numTodoTests":0,"numTotalTestSuites":69,"numTotalTests":457,"openHandles":[],"snapshot":{"added":0,"didUpdate":false,"failure":false,"filesAdded":0,"filesRemoved":0,"filesRemovedList":[],"filesUnmatched":0,"filesUpdated":0,"matched":0,"total":0,"unchecked":0,"uncheckedKeysByFile":[],"unmatched":0,"updated":0},"startTime":1774710435740,"success":false,"testResults":[{"assertionResults":[{"ancestorTitles":["Auth Integration Tests - Token Rotation & Revocation","Token Rotation"],"duration":15,"failing":false,"failureDetails":[{"type":"AuthService","context":{"index":1,"dependencies":[null,null,null,null,null]},"metadata":{"id":"2c271363972cbc6f7282c"},"moduleRef":{"id":"b3a2fa5c982c271363972"}}],"failureMessages":["Error: Nest can't resolve dependencies of the AuthService (UsersService, ?, ConfigService, TwoFactorService, StellarService). Please make sure that the argument JwtService at index [1] is available in the RootTestModule context.\n\nPotential solutions:\n- Is RootTestModule a valid NestJS module?\n- If JwtService is a provider, is it part of the current RootTestModule?\n- If JwtService is exported from a separate @Module, is that module imported within RootTestModule?\n  @Module({\n    imports: [ /* the Module containing JwtService */ ]\n  })\n\nFor more common dependency resolution issues, see: https://docs.nestjs.com/faq/common-errors\n    at TestingInjector.lookupComponentInParentModules (C:\\Users\\HP\\Desktop\\ahjoorxmr-backend\\ahjoorxmr\\node_modules\\@nestjs\\core\\injector\\injector.js:290:19)\n    at processTicksAndRejections (node:internal/process/task_queues:105:5)\n    at TestingInjector.resolveComponentWrapper (C:\\Users\\HP\\Desktop\\ahjoorxmr-backend\\ahjoorxmr\\node_modules\\@nestjs\\testing\\testing-injector.js:19:45)\n    at resolveParam (C:\\Users\\HP\\Desktop\\ahjoorxmr-backend\\ahjoorxmr\\node_modules\\@nestjs\\core\\injector\\injector.js:140:38)\n    at async Promise.all (index 1)\n    at TestingInjector.resolveConstructorParams (C:\\Users\\HP\\Desktop\\ahjoorxmr-backend\\ahjoorxmr\\node_modules\\@nestjs\\core\\injector\\injector.js:169:27)\n    at TestingInjector.loadInstance (C:\\Users\\HP\\Desktop\\ahjoorxmr-backend\\ahjoorxmr\\node_modules\\@nestjs\\core\\injector\\injector.js:75:13)\n    at TestingInjector.loadProvider (C:\\Users\\HP\\Desktop\\ahjoorxmr-backend\\ahjoorxmr\\node_modules\\@nestjs\\core\\injector\\injector.js:103:9)\n    at C:\\Users\\HP\\Desktop\\ahjoorxmr-backend\\ahjoorxmr\\node_modules\\@nestjs\\core\\injector\\instance-loader.js:56:13\n    at async Promise.all (index 3)\n    at TestingInstanceLoader.createInstancesOfProviders (C:\\Users\\HP\\Desktop\\ahjoorxmr-backend\\ahjoorxmr\\node_modules\\@nestjs\\core\\injector\\instance-loader.js:55:9)\n    at C:\\Users\\HP\\Desktop\\ahjoorxmr-backend\\ahjoorxmr\\node_modules\\@nestjs\\core\\injector\\instance-loader.js:40:13\n    at async Promise.all (index 1)\n    at TestingInstanceLoader.createInstances (C:\\Users\\HP\\Desktop\\ahjoorxmr-backend\\ahjoorxmr\\node_modules\\@nestjs\\core\\injector\\instance-loader.js:39:9)\n    at TestingInstanceLoader.createInstancesOfDependencies (C:\\Users\\HP\\Desktop\\ahjoorxmr-backend\\ahjoorxmr\\node_modules\\@nestjs\\core\\injector\\instance-loader.js:22:13)\n    at TestingInstanceLoader.createInstancesOfDependencies (C:\\Users\\HP\\Desktop\\ahjoorxmr-backend\\ahjoorxmr\\node_modules\\@nestjs\\testing\\testing-instance-loader.js:9:9)\n    at TestingModuleBuilder.createInstancesOfDependencies (C:\\Users\\HP\\Desktop\\ahjoorxmr-backend\\ahjoorxmr\\node_modules\\@nestjs\\testing\\testing-module.builder.js:118:9)\n    at TestingModuleBuilder.compile (C:\\Users\\HP\\Desktop\\ahjoorxmr-backend\\ahjoorxmr\\node_modules\\@nestjs\\testing\\testing-module.builder.js:74:9)\n    at Object.<anonymous> (C:\\Users\\HP\\Desktop\\ahjoorxmr-backend\\ahjoorxmr\\src\\auth\\auth.integration.spec.ts:15:42)"],"fullName":"Auth Integration Tests - Token Rotation & Revocation Token Rotation should increment tokenVersion on successful refresh","invocations":1,"location":null,"numPassingAsserts":0,"retryReasons":[],"startAt":1774710448257,"status":"failed","title":"should increment tokenVersion on successful refresh"},{"ancestorTitles":["Auth Integration Tests - Token Rotation & Revocation","Token Rotation"],"duration":1,"failing":false,"failureDetails":[{"type":"AuthService","context":{"index":1,"dependencies":[null,null,null,null,null]},"metadata":{"id":"2c271363972cbc6f7282c"},"moduleRef":{"id":"b3a2fa5c982c271363972"}}],"failureMessages":["Error: Nest can't resolve dependencies of the AuthService (UsersService, ?, ConfigService, TwoFactorService, StellarService). Please make sure that the argument JwtService at index [1] is available in the RootTestModule context.\n\nPotential solutions:\n- Is RootTestModule a valid NestJS module?\n- If JwtService is a provider, is it part of the current RootTestModule?\n- If JwtService is exported from a separate @Module, is that module imported within RootTestModule?\n  @Module({\n    imports: [ /* the Module containing JwtService */ ]\n  })\n\nFor more common dependency resolution issues, see: https://docs.nestjs.com/faq/common-errors\n    at TestingInjector.lookupComponentInParentModules (C:\\Users\\HP\\Desktop\\ahjoorxmr-backend\\ahjoorxmr\\node_modules\\@nestjs\\core\\injector\\injector.js:290:19)\n    at processTicksAndRejections (node:internal/process/task_queues:105:5)\n    at TestingInjector.resolveComponentWrapper (C:\\Users\\HP\\Desktop\\ahjoorxmr-backend\\ahjoorxmr\\node_modules\\@nestjs\\testing\\testing-injector.js:19:45)\n    at resolveParam (C:\\Users\\HP\\Desktop\\ahjoorxmr-backend\\ahjoorxmr\\node_modules\\@nestjs\\core\\injector\\injector.js:140:38)\n    at async Promise.all (index 1)\n    at TestingInjector.resolveConstructorParams (C:\\Users\\HP\\Desktop\\ahjoorxmr-backend\\ahjoorxmr\\node_modules\\@nestjs\\core\\injector\\injector.js:169:27)\n    at TestingInjector.loadInstance (C:\\Users\\HP\\Desktop\\ahjoorxmr-backend\\ahjoorxmr\\node_modules\\@nestjs\\core\\injector\\injector.js:75:13)\n    at TestingInjector.loadProvider (C:\\Users\\HP\\Desktop\\ahjoorxmr-backend\\ahjoorxmr\\node_modules\\@nestjs\\core\\injector\\injector.js:103:9)\n    at C:\\Users\\HP\\Desktop\\ahjoorxmr-backend\\ahjoorxmr\\node_modules\\@nestjs\\core\\injector\\instance-loader.js:56:13\n    at async Promise.all (index 3)\n    at TestingInstanceLoader.createInstancesOfProviders (C:\\Users\\HP\\Desktop\\ahjoorxmr-backend\\ahjoorxmr\\node_modules\\@nestjs\\core\\injector\\instance-loader.js:55:9)\n    at C:\\Users\\HP\\Desktop\\ahjoorxmr-backend\\ahjoorxmr\\node_modules\\@nestjs\\core\\injector\\instance-loader.js:40:13\n    at async Promise.all (index 1)\n    at TestingInstanceLoader.createInstances (C:\\Users\\HP\\Desktop\\ahjoorxmr-backend\\ahjoorxmr\\node_modules\\@nestjs\\core\\injector\\instance-loader.js:39:9)\n    at TestingInstanceLoader.createInstancesOfDependencies (C:\\Users\\HP\\Desktop\\ahjoorxmr-backend\\ahjoorxmr\\node_modules\\@nestjs\\core\\injector\\instance-loader.js:22:13)\n    at TestingInstanceLoader.createInstancesOfDependencies (C:\\Users\\HP\\Desktop\\ahjoorxmr-backend\\ahjoorxmr\\node_modules\\@nestjs\\testing\\testing-instance-loader.js:9:9)\n    at TestingModuleBuilder.createInstancesOfDependencies (C:\\Users\\HP\\Desktop\\ahjoorxmr-backend\\ahjoorxmr\\node_modules\\@nestjs\\testing\\testing-module.builder.js:118:9)\n    at TestingModuleBuilder.compile (C:\\Users\\HP\\Desktop\\ahjoorxmr-backend\\ahjoorxmr\\node_modules\\@nestjs\\testing\\testing-module.builder.js:74:9)\n    at Object.<anonymous> (C:\\Users\\HP\\Desktop\\ahjoorxmr-backend\\ahjoorxmr\\src\\auth\\auth.integration.spec.ts:15:42)"],"fullName":"Auth Integration Tests - Token Rotation & Revocation Token Rotation should include tokenVersion in JWT payload","invocations":1,"location":null,"numPassingAsserts":0,"retryReasons":[],"startAt":1774710448312,"status":"failed","title":"should include tokenVersion in JWT payload"},{"ancestorTitles":["Auth Integration Tests - Token Rotation & Revocation","Token Rotation"],"duration":1,"failing":false,"failureDetails":[{"type":"AuthService","context":{"index":1,"dependencies":[null,null,null,null,null]},"metadata":{"id":"2c271363972cbc6f7282c"},"moduleRef":{"id":"b3a2fa5c982c271363972"}}],"failureMessages":["Error: Nest can't resolve dependencies of the AuthService (UsersService, ?, ConfigService, TwoFactorService, StellarService). Please make sure that the argument JwtService at index [1] is available in the RootTestModule context.\n\nPotential solutions:\n- Is RootTestModule a valid NestJS module?\n- If JwtService is a provider, is it part of the current RootTestModule?\n- If JwtService is exported from a separate @Module, is that module imported within RootTestModule?\n  @Module({\n    imports: [ /* the Module containing JwtService */ ]\n  })\n\nFor more common dependency resolution issues, see: https://docs.nestjs.com/faq/common-errors\n    at TestingInjector.lookupComponentInParentModules (C:\\Users\\HP\\Desktop\\ahjoorxmr-backend\\ahjoorxmr\\node_modules\\@nestjs\\core\\injector\\injector.js:290:19)\n    at processTicksAndRejections (node:internal/process/task_queues:105:5)\n    at TestingInjector.resolveComponentWrapper (C:\\Users\\HP\\Desktop\\ahjoorxmr-backend\\ahjoorxmr\\node_modules\\@nestjs\\testing\\testing-injector.js:19:45)\n    at resolveParam (C:\\Users\\HP\\Desktop\\ahjoorxmr-backend\\ahjoorxmr\\node_modules\\@nestjs\\core\\injector\\injector.js:140:38)\n    at async Promise.all (index 1)\n    at TestingInjector.resolveConstructorParams (C:\\Users\\HP\\Desktop\\ahjoorxmr-backend\\ahjoorxmr\\node_modules\\@nestjs\\core\\injector\\injector.js:169:27)\n    at TestingInjector.loadInstance (C:\\Users\\HP\\Desktop\\ahjoorxmr-backend\\ahjoorxmr\\node_modules\\@nestjs\\core\\injector\\injector.js:75:13)\n    at TestingInjector.loadProvider (C:\\Users\\HP\\Desktop\\ahjoorxmr-backend\\ahjoorxmr\\node_modules\\@nestjs\\core\\injector\\injector.js:103:9)\n    at C:\\Users\\HP\\Desktop\\ahjoorxmr-backend\\ahjoorxmr\\node_modules\\@nestjs\\core\\injector\\instance-loader.js:56:13\n    at async Promise.all (index 3)\n    at TestingInstanceLoader.createInstancesOfProviders (C:\\Users\\HP\\Desktop\\ahjoorxmr-backend\\ahjoorxmr\\node_modules\\@nestjs\\core\\injector\\instance-loader.js:55:9)\n    at C:\\Users\\HP\\Desktop\\ahjoorxmr-backend\\ahjoorxmr\\node_modules\\@nestjs\\core\\injector\\instance-loader.js:40:13\n    at async Promise.all (index 1)\n    at TestingInstanceLoader.createInstances (C:\\Users\\HP\\Desktop\\ahjoorxmr-backend\\ahjoorxmr\\node_modules\\@nestjs\\core\\injector\\instance-loader.js:39:9)\n    at TestingInstanceLoader.createInstancesOfDependencies (C:\\Users\\HP\\Desktop\\ahjoorxmr-backend\\ahjoorxmr\\node_modules\\@nestjs\\core\\injector\\instance-loader.js:22:13)\n    at TestingInstanceLoader.createInstancesOfDependencies (C:\\Users\\HP\\Desktop\\ahjoorxmr-backend\\ahjoorxmr\\node_modules\\@nestjs\\testing\\testing-instance-loader.js:9:9)\n    at TestingModuleBuilder.createInstancesOfDependencies (C:\\Users\\HP\\Desktop\\ahjoorxmr-backend\\ahjoorxmr\\node_modules\\@nestjs\\testing\\testing-module.builder.js:118:9)\n    at TestingModuleBuilder.compile (C:\\Users\\HP\\Desktop\\ahjoorxmr-backend\\ahjoorxmr\\node_modules\\@nestjs\\testing\\testing-module.builder.js:74:9)\n    at Object.<anonymous> (C:\\Users\\HP\\Desktop\\ahjoorxmr-backend\\ahjoorxmr\\src\\auth\\auth.integration.spec.ts:15:42)"],"fullName":"Auth Integration Tests - Token Rotation & Revocation Token Rotation old refresh token should be rejected after rotation","invocations":1,"location":null,"numPassingAsserts":0,"retryReasons":[],"startAt":1774710448313,"status":"failed","title":"old refresh token should be rejected after rotation"},{"ancestorTitles":["Auth Integration Tests - Token Rotation & Revocation","Token Theft Detection"],"duration":1,"failing":false,"failureDetails":[{"type":"AuthService","context":{"index":1,"dependencies":[null,null,null,null,null]},"metadata":{"id":"2c271363972cbc6f7282c"},"moduleRef":{"id":"b3a2fa5c982c271363972"}}],"failureMessages":["Error: Nest can't resolve dependencies of the AuthService (UsersService, ?, ConfigService, TwoFactorService, StellarService). Please make sure that the argument JwtService at index [1] is available in the RootTestModule context.\n\nPotential solutions:\n- Is RootTestModule a valid NestJS module?\n- If JwtService is a provider, is it part of the current RootTestModule?\n- If JwtService is exported from a separate @Module, is that module imported within RootTestModule?\n  @Module({\n    imports: [ /* the Module containing JwtService */ ]\n  })\n\nFor more common dependency resolution issues, see: https://docs.nestjs.com/faq/common-errors\n    at TestingInjector.lookupComponentInParentModules (C:\\Users\\HP\\Desktop\\ahjoorxmr-backend\\ahjoorxmr\\node_modules\\@nestjs\\core\\injector\\injector.js:290:19)\n    at processTicksAndRejections (node:internal/process/task_queues:105:5)\n    at TestingInjector.resolveComponentWrapper (C:\\Users\\HP\\Desktop\\ahjoorxmr-backend\\ahjoorxmr\\node_modules\\@nestjs\\testing\\testing-injector.js:19:45)\n    at resolveParam (C:\\Users\\HP\\Desktop\\ahjoorxmr-backend\\ahjoorxmr\\node_modules\\@nestjs\\core\\injector\\injector.js:140:38)\n    at async Promise.all (index 1)\n    at TestingInjector.resolveConstructorParams (C:\\Users\\HP\\Desktop\\ahjoorxmr-backend\\ahjoorxmr\\node_modules\\@nestjs\\core\\injector\\injector.js:169:27)\n    at TestingInjector.loadInstance (C:\\Users\\HP\\Desktop\\ahjoorxmr-backend\\ahjoorxmr\\node_modules\\@nestjs\\core\\injector\\injector.js:75:13)\n    at TestingInjector.loadProvider (C:\\Users\\HP\\Desktop\\ahjoorxmr-backend\\ahjoorxmr\\node_modules\\@nestjs\\core\\injector\\injector.js:103:9)\n    at C:\\Users\\HP\\Desktop\\ahjoorxmr-backend\\ahjoorxmr\\node_modules\\@nestjs\\core\\injector\\instance-loader.js:56:13\n    at async Promise.all (index 3)\n    at TestingInstanceLoader.createInstancesOfProviders (C:\\Users\\HP\\Desktop\\ahjoorxmr-backend\\ahjoorxmr\\node_modules\\@nestjs\\core\\injector\\instance-loader.js:55:9)\n    at C:\\Users\\HP\\Desktop\\ahjoorxmr-backend\\ahjoorxmr\\node_modules\\@nestjs\\core\\injector\\instance-loader.js:40:13\n    at async Promise.all (index 1)\n    at TestingInstanceLoader.createInstances (C:\\Users\\HP\\Desktop\\ahjoorxmr-backend\\ahjoorxmr\\node_modules\\@nestjs\\core\\injector\\instance-loader.js:39:9)\n    at TestingInstanceLoader.createInstancesOfDependencies (C:\\Users\\HP\\Desktop\\ahjoorxmr-backend\\ahjoorxmr\\node_modules\\@nestjs\\core\\injector\\instance-loader.js:22:13)\n    at TestingInstanceLoader.createInstancesOfDependencies (C:\\Users\\HP\\Desktop\\ahjoorxmr-backend\\ahjoorxmr\\node_modules\\@nestjs\\testing\\testing-instance-loader.js:9:9)\n    at TestingModuleBuilder.createInstancesOfDependencies (C:\\Users\\HP\\Desktop\\ahjoorxmr-backend\\ahjoorxmr\\node_modules\\@nestjs\\testing\\testing-module.builder.js:118:9)\n    at TestingModuleBuilder.compile (C:\\Users\\HP\\Desktop\\ahjoorxmr-backend\\ahjoorxmr\\node_modules\\@nestjs\\testing\\testing-module.builder.js:74:9)\n    at Object.<anonymous> (C:\\Users\\HP\\Desktop\\ahjoorxmr-backend\\ahjoorxmr\\src\\auth\\auth.integration.spec.ts:15:42)"],"fullName":"Auth Integration Tests - Token Rotation & Revocation Token Theft Detection should detect token reuse and revoke all sessions","invocations":1,"location":null,"numPassingAsserts":0,"retryReasons":[],"startAt":1774710448314,"status":"failed","title":"should detect token reuse and revoke all sessions"},{"ancestorTitles":["Auth Integration Tests - Token Rotation & Revocation","Token Theft Detection"],"duration":0,"failing":false,"failureDetails":[{"type":"AuthService","context":{"index":1,"dependencies":[null,null,null,null,null]},"metadata":{"id":"2c271363972cbc6f7282c"},"moduleRef":{"id":"b3a2fa5c982c271363972"}}],"failureMessages":["Error: Nest can't resolve dependencies of the AuthService (UsersService, ?, ConfigService, TwoFactorService, StellarService). Please make sure that the argument JwtService at index [1] is available in the RootTestModule context.\n\nPotential solutions:\n- Is RootTestModule a valid NestJS module?\n- If JwtService is a provider, is it part of the current RootTestModule?\n- If JwtService is exported from a separate @Module, is that module imported within RootTestModule?\n  @Module({\n    imports: [ /* the Module containing JwtService */ ]\n  })\n\nFor more common dependency resolution issues, see: https://docs.nestjs.com/faq/common-errors\n    at TestingInjector.lookupComponentInParentModules (C:\\Users\\HP\\Desktop\\ahjoorxmr-backend\\ahjoorxmr\\node_modules\\@nestjs\\core\\injector\\injector.js:290:19)\n    at processTicksAndRejections (node:internal/process/task_queues:105:5)\n    at TestingInjector.resolveComponentWrapper (C:\\Users\\HP\\Desktop\\ahjoorxmr-backend\\ahjoorxmr\\node_modules\\@nestjs\\testing\\testing-injector.js:19:45)\n    at resolveParam (C:\\Users\\HP\\Desktop\\ahjoorxmr-backend\\ahjoorxmr\\node_modules\\@nestjs\\core\\injector\\injector.js:140:38)\n    at async Promise.all (index 1)\n    at TestingInjector.resolveConstructorParams (C:\\Users\\HP\\Desktop\\ahjoorxmr-backend\\ahjoorxmr\\node_modules\\@nestjs\\core\\injector\\injector.js:169:27)\n    at TestingInjector.loadInstance (C:\\Users\\HP\\Desktop\\ahjoorxmr-backend\\ahjoorxmr\\node_modules\\@nestjs\\core\\injector\\injector.js:75:13)\n    at TestingInjector.loadProvider (C:\\Users\\HP\\Desktop\\ahjoorxmr-backend\\ahjoorxmr\\node_modules\\@nestjs\\core\\injector\\injector.js:103:9)\n    at C:\\Users\\HP\\Desktop\\ahjoorxmr-backend\\ahjoorxmr\\node_modules\\@nestjs\\core\\injector\\instance-loader.js:56:13\n    at async Promise.all (index 3)\n    at TestingInstanceLoader.createInstancesOfProviders (C:\\Users\\HP\\Desktop\\ahjoorxmr-backend\\ahjoorxmr\\node_modules\\@nestjs\\core\\injector\\instance-loader.js:55:9)\n    at C:\\Users\\HP\\Desktop\\ahjoorxmr-backend\\ahjoorxmr\\node_modules\\@nestjs\\core\\injector\\instance-loader.js:40:13\n    at async Promise.all (index 1)\n    at TestingInstanceLoader.createInstances (C:\\Users\\HP\\Desktop\\ahjoorxmr-backend\\ahjoorxmr\\node_modules\\@nestjs\\core\\injector\\instance-loader.js:39:9)\n    at TestingInstanceLoader.createInstancesOfDependencies (C:\\Users\\HP\\Desktop\\ahjoorxmr-backend\\ahjoorxmr\\node_modules\\@nestjs\\core\\injector\\instance-loader.js:22:13)\n    at TestingInstanceLoader.createInstancesOfDependencies (C:\\Users\\HP\\Desktop\\ahjoorxmr-backend\\ahjoorxmr\\node_modules\\@nestjs\\testing\\testing-instance-loader.js:9:9)\n    at TestingModuleBuilder.createInstancesOfDependencies (C:\\Users\\HP\\Desktop\\ahjoorxmr-backend\\ahjoorxmr\\node_modules\\@nestjs\\testing\\testing-module.builder.js:118:9)\n    at TestingModuleBuilder.compile (C:\\Users\\HP\\Desktop\\ahjoorxmr-backend\\ahjoorxmr\\node_modules\\@nestjs\\testing\\testing-module.builder.js:74:9)\n    at Object.<anonymous> (C:\\Users\\HP\\Desktop\\ahjoorxmr-backend\\ahjoorxmr\\src\\auth\\auth.integration.spec.ts:15:42)"],"fullName":"Auth Integration Tests - Token Rotation & Revocation Token Theft Detection should reject tokens with mismatched tokenVersion","invocations":1,"location":null,"numPassingAsserts":0,"retryReasons":[],"startAt":1774710448316,"status":"failed","title":"should reject tokens with mismatched tokenVersion"},{"ancestorTitles":["Auth Integration Tests - Token Rotation & Revocation","Logout Functionality"],"duration":1,"failing":false,"failureDetails":[{"type":"AuthService","context":{"index":1,"dependencies":[null,null,null,null,null]},"metadata":{"id":"2c271363972cbc6f7282c"},"moduleRef":{"id":"b3a2fa5c982c271363972"}}],"failureMessages":["Error: Nest can't resolve dependencies of the AuthService (UsersService, ?, ConfigService, TwoFactorService, StellarService). Please make sure that the argument JwtService at index [1] is available in the RootTestModule context.\n\nPotential solutions:\n- Is RootTestModule a valid NestJS module?\n- If JwtService is a provider, is it part of the current RootTestModule?\n- If JwtService is exported from a separate @Module, is that module imported within RootTestModule?\n  @Module({\n    imports: [ /* the Module containing JwtService */ ]\n  })\n\nFor more common dependency resolution issues, see: https://docs.nestjs.com/faq/common-errors\n    at TestingInjector.lookupComponentInParentModules (C:\\Users\\HP\\Desktop\\ahjoorxmr-backend\\ahjoorxmr\\node_modules\\@nestjs\\core\\injector\\injector.js:290:19)\n    at processTicksAndRejections (node:internal/process/task_queues:105:5)\n    at TestingInjector.resolveComponentWrapper (C:\\Users\\HP\\Desktop\\ahjoorxmr-backend\\ahjoorxmr\\node_modules\\@nestjs\\testing\\testing-injector.js:19:45)\n    at resolveParam (C:\\Users\\HP\\Desktop\\ahjoorxmr-backend\\ahjoorxmr\\node_modules\\@nestjs\\core\\injector\\injector.js:140:38)\n    at async Promise.all (index 1)\n    at TestingInjector.resolveConstructorParams (C:\\Users\\HP\\Desktop\\ahjoorxmr-backend\\ahjoorxmr\\node_modules\\@nestjs\\core\\injector\\injector.js:169:27)\n    at TestingInjector.loadInstance (C:\\Users\\HP\\Desktop\\ahjoorxmr-backend\\ahjoorxmr\\node_modules\\@nestjs\\core\\injector\\injector.js:75:13)\n    at TestingInjector.loadProvider (C:\\Users\\HP\\Desktop\\ahjoorxmr-backend\\ahjoorxmr\\node_modules\\@nestjs\\core\\injector\\injector.js:103:9)\n    at C:\\Users\\HP\\Desktop\\ahjoorxmr-backend\\ahjoorxmr\\node_modules\\@nestjs\\core\\injector\\instance-loader.js:56:13\n    at async Promise.all (index 3)\n    at TestingInstanceLoader.createInstancesOfProviders (C:\\Users\\HP\\Desktop\\ahjoorxmr-backend\\ahjoorxmr\\node_modules\\@nestjs\\core\\injector\\instance-loader.js:55:9)\n    at C:\\Users\\HP\\Desktop\\ahjoorxmr-backend\\ahjoorxmr\\node_modules\\@nestjs\\core\\injector\\instance-loader.js:40:13\n    at async Promise.all (index 1)\n    at TestingInstanceLoader.createInstances (C:\\Users\\HP\\Desktop\\ahjoorxmr-backend\\ahjoorxmr\\node_modules\\@nestjs\\core\\injector\\instance-loader.js:39:9)\n    at TestingInstanceLoader.createInstancesOfDependencies (C:\\Users\\HP\\Desktop\\ahjoorxmr-backend\\ahjoorxmr\\node_modules\\@nestjs\\core\\injector\\instance-loader.js:22:13)\n    at TestingInstanceLoader.createInstancesOfDependencies (C:\\Users\\HP\\Desktop\\ahjoorxmr-backend\\ahjoorxmr\\node_modules\\@nestjs\\testing\\testing-instance-loader.js:9:9)\n    at TestingModuleBuilder.createInstancesOfDependencies (C:\\Users\\HP\\Desktop\\ahjoorxmr-backend\\ahjoorxmr\\node_modules\\@nestjs\\testing\\testing-module.builder.js:118:9)\n    at TestingModuleBuilder.compile (C:\\Users\\HP\\Desktop\\ahjoorxmr-backend\\ahjoorxmr\\node_modules\\@nestjs\\testing\\testing-module.builder.js:74:9)\n    at Object.<anonymous> (C:\\Users\\HP\\Desktop\\ahjoorxmr-backend\\ahjoorxmr\\src\\auth\\auth.integration.spec.ts:15:42)"],"fullName":"Auth Integration Tests - Token Rotation & Revocation Logout Functionality should clear refreshTokenHash on logout","invocations":1,"location":null,"numPassingAsserts":0,"retryReasons":[],"startAt":1774710448317,"status":"failed","title":"should clear refreshTokenHash on logout"},{"ancestorTitles":["Auth Integration Tests - Token Rotation & Revocation","Logout Functionality"],"duration":0,"failing":false,"failureDetails":[{"type":"AuthService","context":{"index":1,"dependencies":[null,null,null,null,null]},"metadata":{"id":"2c271363972cbc6f7282c"},"moduleRef":{"id":"b3a2fa5c982c271363972"}}],"failureMessages":["Error: Nest can't resolve dependencies of the AuthService (UsersService, ?, ConfigService, TwoFactorService, StellarService). Please make sure that the argument JwtService at index [1] is available in the RootTestModule context.\n\nPotential solutions:\n- Is RootTestModule a valid NestJS module?\n- If JwtService is a provider, is it part of the current RootTestModule?\n- If JwtService is exported from a separate @Module, is that module imported within RootTestModule?\n  @Module({\n    imports: [ /* the Module containing JwtService */ ]\n  })\n\nFor more common dependency resolution issues, see: https://docs.nestjs.com/faq/common-errors\n    at TestingInjector.lookupComponentInParentModules (C:\\Users\\HP\\Desktop\\ahjoorxmr-backend\\ahjoorxmr\\node_modules\\@nestjs\\core\\injector\\injector.js:290:19)\n    at processTicksAndRejections (node:internal/process/task_queues:105:5)\n    at TestingInjector.resolveComponentWrapper (C:\\Users\\HP\\Desktop\\ahjoorxmr-backend\\ahjoorxmr\\node_modules\\@nestjs\\testing\\testing-injector.js:19:45)\n    at resolveParam (C:\\Users\\HP\\Desktop\\ahjoorxmr-backend\\ahjoorxmr\\node_modules\\@nestjs\\core\\injector\\injector.js:140:38)\n    at async Promise.all (index 1)\n    at TestingInjector.resolveConstructorParams (C:\\Users\\HP\\Desktop\\ahjoorxmr-backend\\ahjoorxmr\\node_modules\\@nestjs\\core\\injector\\injector.js:169:27)\n    at TestingInjector.loadInstance (C:\\Users\\HP\\Desktop\\ahjoorxmr-backend\\ahjoorxmr\\node_modules\\@nestjs\\core\\injector\\injector.js:75:13)\n    at TestingInjector.loadProvider (C:\\Users\\HP\\Desktop\\ahjoorxmr-backend\\ahjoorxmr\\node_modules\\@nestjs\\core\\injector\\injector.js:103:9)\n    at C:\\Users\\HP\\Desktop\\ahjoorxmr-backend\\ahjoorxmr\\node_modules\\@nestjs\\core\\injector\\instance-loader.js:56:13\n    at async Promise.all (index 3)\n    at TestingInstanceLoader.createInstancesOfProviders (C:\\Users\\HP\\Desktop\\ahjoorxmr-backend\\ahjoorxmr\\node_modules\\@nestjs\\core\\injector\\instance-loader.js:55:9)\n    at C:\\Users\\HP\\Desktop\\ahjoorxmr-backend\\ahjoorxmr\\node_modules\\@nestjs\\core\\injector\\instance-loader.js:40:13\n    at async Promise.all (index 1)\n    at TestingInstanceLoader.createInstances (C:\\Users\\HP\\Desktop\\ahjoorxmr-backend\\ahjoorxmr\\node_modules\\@nestjs\\core\\injector\\instance-loader.js:39:9)\n    at TestingInstanceLoader.createInstancesOfDependencies (C:\\Users\\HP\\Desktop\\ahjoorxmr-backend\\ahjoorxmr\\node_modules\\@nestjs\\core\\injector\\instance-loader.js:22:13)\n    at TestingInstanceLoader.createInstancesOfDependencies (C:\\Users\\HP\\Desktop\\ahjoorxmr-backend\\ahjoorxmr\\node_modules\\@nestjs\\testing\\testing-instance-loader.js:9:9)\n    at TestingModuleBuilder.createInstancesOfDependencies (C:\\Users\\HP\\Desktop\\ahjoorxmr-backend\\ahjoorxmr\\node_modules\\@nestjs\\testing\\testing-module.builder.js:118:9)\n    at TestingModuleBuilder.compile (C:\\Users\\HP\\Desktop\\ahjoorxmr-backend\\ahjoorxmr\\node_modules\\@nestjs\\testing\\testing-module.builder.js:74:9)\n    at Object.<anonymous> (C:\\Users\\HP\\Desktop\\ahjoorxmr-backend\\ahjoorxmr\\src\\auth\\auth.integration.spec.ts:15:42)"],"fullName":"Auth Integration Tests - Token Rotation & Revocation Logout Functionality should increment tokenVersion on logout","invocations":1,"location":null,"numPassingAsserts":0,"retryReasons":[],"startAt":1774710448319,"status":"failed","title":"should increment tokenVersion on logout"},{"ancestorTitles":["Auth Integration Tests - Token Rotation & Revocation","Logout Functionality"],"duration":0,"failing":false,"failureDetails":[{"type":"AuthService","context":{"index":1,"dependencies":[null,null,null,null,null]},"metadata":{"id":"2c271363972cbc6f7282c"},"moduleRef":{"id":"b3a2fa5c982c271363972"}}],"failureMessages":["Error: Nest can't resolve dependencies of the AuthService (UsersService, ?, ConfigService, TwoFactorService, StellarService). Please make sure that the argument JwtService at index [1] is available in the RootTestModule context.\n\nPotential solutions:\n- Is RootTestModule a valid NestJS module?\n- If JwtService is a provider, is it part of the current RootTestModule?\n- If JwtService is exported from a separate @Module, is that module imported within RootTestModule?\n  @Module({\n    imports: [ /* the Module containing JwtService */ ]\n  })\n\nFor more common dependency resolution issues, see: https://docs.nestjs.com/faq/common-errors\n    at TestingInjector.lookupComponentInParentModules (C:\\Users\\HP\\Desktop\\ahjoorxmr-backend\\ahjoorxmr\\node_modules\\@nestjs\\core\\injector\\injector.js:290:19)\n    at processTicksAndRejections (node:internal/process/task_queues:105:5)\n    at TestingInjector.resolveComponentWrapper (C:\\Users\\HP\\Desktop\\ahjoorxmr-backend\\ahjoorxmr\\node_modules\\@nestjs\\testing\\testing-injector.js:19:45)\n    at resolveParam (C:\\Users\\HP\\Desktop\\ahjoorxmr-backend\\ahjoorxmr\\node_modules\\@nestjs\\core\\injector\\injector.js:140:38)\n    at async Promise.all (index 1)\n    at TestingInjector.resolveConstructorParams (C:\\Users\\HP\\Desktop\\ahjoorxmr-backend\\ahjoorxmr\\node_modules\\@nestjs\\core\\injector\\injector.js:169:27)\n    at TestingInjector.loadInstance (C:\\Users\\HP\\Desktop\\ahjoorxmr-backend\\ahjoorxmr\\node_modules\\@nestjs\\core\\injector\\injector.js:75:13)\n    at TestingInjector.loadProvider (C:\\Users\\HP\\Desktop\\ahjoorxmr-backend\\ahjoorxmr\\node_modules\\@nestjs\\core\\injector\\injector.js:103:9)\n    at C:\\Users\\HP\\Desktop\\ahjoorxmr-backend\\ahjoorxmr\\node_modules\\@nestjs\\core\\injector\\instance-loader.js:56:13\n    at async Promise.all (index 3)\n    at TestingInstanceLoader.createInstancesOfProviders (C:\\Users\\HP\\Desktop\\ahjoorxmr-backend\\ahjoorxmr\\node_modules\\@nestjs\\core\\injector\\instance-loader.js:55:9)\n    at C:\\Users\\HP\\Desktop\\ahjoorxmr-backend\\ahjoorxmr\\node_modules\\@nestjs\\core\\injector\\instance-loader.js:40:13\n    at async Promise.all (index 1)\n    at TestingInstanceLoader.createInstances (C:\\Users\\HP\\Desktop\\ahjoorxmr-backend\\ahjoorxmr\\node_modules\\@nestjs\\core\\injector\\instance-loader.js:39:9)\n    at TestingInstanceLoader.createInstancesOfDependencies (C:\\Users\\HP\\Desktop\\ahjoorxmr-backend\\ahjoorxmr\\node_modules\\@nestjs\\core\\injector\\instance-loader.js:22:13)\n    at TestingInstanceLoader.createInstancesOfDependencies (C:\\Users\\HP\\Desktop\\ahjoorxmr-backend\\ahjoorxmr\\node_modules\\@nestjs\\testing\\testing-instance-loader.js:9:9)\n    at TestingModuleBuilder.createInstancesOfDependencies (C:\\Users\\HP\\Desktop\\ahjoorxmr-backend\\ahjoorxmr\\node_modules\\@nestjs\\testing\\testing-module.builder.js:118:9)\n    at TestingModuleBuilder.compile (C:\\Users\\HP\\Desktop\\ahjoorxmr-backend\\ahjoorxmr\\node_modules\\@nestjs\\testing\\testing-module.builder.js:74:9)\n    at Object.<anonymous> (C:\\Users\\HP\\Desktop\\ahjoorxmr-backend\\ahjoorxmr\\src\\auth\\auth.integration.spec.ts:15:42)"],"fullName":"Auth Integration Tests - Token Rotation & Revocation Logout Functionality should invalidate all active sessions on logout","invocations":1,"location":null,"numPassingAsserts":0,"retryReasons":[],"startAt":1774710448320,"status":"failed","title":"should invalidate all active sessions on logout"},{"ancestorTitles":["Auth Integration Tests - Token Rotation & Revocation","Token Version Mismatch"],"duration":0,"failing":false,"failureDetails":[{"type":"AuthService","context":{"index":1,"dependencies":[null,null,null,null,null]},"metadata":{"id":"2c271363972cbc6f7282c"},"moduleRef":{"id":"b3a2fa5c982c271363972"}}],"failureMessages":["Error: Nest can't resolve dependencies of the AuthService (UsersService, ?, ConfigService, TwoFactorService, StellarService). Please make sure that the argument JwtService at index [1] is available in the RootTestModule context.\n\nPotential solutions:\n- Is RootTestModule a valid NestJS module?\n- If JwtService is a provider, is it part of the current RootTestModule?\n- If JwtService is exported from a separate @Module, is that module imported within RootTestModule?\n  @Module({\n    imports: [ /* the Module containing JwtService */ ]\n  })\n\nFor more common dependency resolution issues, see: https://docs.nestjs.com/faq/common-errors\n    at TestingInjector.lookupComponentInParentModules (C:\\Users\\HP\\Desktop\\ahjoorxmr-backend\\ahjoorxmr\\node_modules\\@nestjs\\core\\injector\\injector.js:290:19)\n    at processTicksAndRejections (node:internal/process/task_queues:105:5)\n    at TestingInjector.resolveComponentWrapper (C:\\Users\\HP\\Desktop\\ahjoorxmr-backend\\ahjoorxmr\\node_modules\\@nestjs\\testing\\testing-injector.js:19:45)\n    at resolveParam (C:\\Users\\HP\\Desktop\\ahjoorxmr-backend\\ahjoorxmr\\node_modules\\@nestjs\\core\\injector\\injector.js:140:38)\n    at async Promise.all (index 1)\n    at TestingInjector.resolveConstructorParams (C:\\Users\\HP\\Desktop\\ahjoorxmr-backend\\ahjoorxmr\\node_modules\\@nestjs\\core\\injector\\injector.js:169:27)\n    at TestingInjector.loadInstance (C:\\Users\\HP\\Desktop\\ahjoorxmr-backend\\ahjoorxmr\\node_modules\\@nestjs\\core\\injector\\injector.js:75:13)\n    at TestingInjector.loadProvider (C:\\Users\\HP\\Desktop\\ahjoorxmr-backend\\ahjoorxmr\\node_modules\\@nestjs\\core\\injector\\injector.js:103:9)\n    at C:\\Users\\HP\\Desktop\\ahjoorxmr-backend\\ahjoorxmr\\node_modules\\@nestjs\\core\\injector\\instance-loader.js:56:13\n    at async Promise.all (index 3)\n    at TestingInstanceLoader.createInstancesOfProviders (C:\\Users\\HP\\Desktop\\ahjoorxmr-backend\\ahjoorxmr\\node_modules\\@nestjs\\core\\injector\\instance-loader.js:55:9)\n    at C:\\Users\\HP\\Desktop\\ahjoorxmr-backend\\ahjoorxmr\\node_modules\\@nestjs\\core\\injector\\instance-loader.js:40:13\n    at async Promise.all (index 1)\n    at TestingInstanceLoader.createInstances (C:\\Users\\HP\\Desktop\\ahjoorxmr-backend\\ahjoorxmr\\node_modules\\@nestjs\\core\\injector\\instance-loader.js:39:9)\n    at TestingInstanceLoader.createInstancesOfDependencies (C:\\Users\\HP\\Desktop\\ahjoorxmr-backend\\ahjoorxmr\\node_modules\\@nestjs\\core\\injector\\instance-loader.js:22:13)\n    at TestingInstanceLoader.createInstancesOfDependencies (C:\\Users\\HP\\Desktop\\ahjoorxmr-backend\\ahjoorxmr\\node_modules\\@nestjs\\testing\\testing-instance-loader.js:9:9)\n    at TestingModuleBuilder.createInstancesOfDependencies (C:\\Users\\HP\\Desktop\\ahjoorxmr-backend\\ahjoorxmr\\node_modules\\@nestjs\\testing\\testing-module.builder.js:118:9)\n    at TestingModuleBuilder.compile (C:\\Users\\HP\\Desktop\\ahjoorxmr-backend\\ahjoorxmr\\node_modules\\@nestjs\\testing\\testing-module.builder.js:74:9)\n    at Object.<anonymous> (C:\\Users\\HP\\Desktop\\ahjoorxmr-backend\\ahjoorxmr\\src\\auth\\auth.integration.spec.ts:15:42)"],"fullName":"Auth Integration Tests - Token Rotation & Revocation Token Version Mismatch should return 401 when tokenVersion does not match","invocations":1,"location":null,"numPassingAsserts":0,"retryReasons":[],"startAt":1774710448321,"status":"failed","title":"should return 401 when tokenVersion does not match"},{"ancestorTitles":["Auth Integration Tests - Token Rotation & Revocation","Multiple Refresh Cycles"],"duration":1,"failing":false,"failureDetails":[{"type":"AuthService","context":{"index":1,"dependencies":[null,null,null,null,null]},"metadata":{"id":"2c271363972cbc6f7282c"},"moduleRef":{"id":"b3a2fa5c982c271363972"}}],"failureMessages":["Error: Nest can't resolve dependencies of the AuthService (UsersService, ?, ConfigService, TwoFactorService, StellarService). Please make sure that the argument JwtService at index [1] is available in the RootTestModule context.\n\nPotential solutions:\n- Is RootTestModule a valid NestJS module?\n- If JwtService is a provider, is it part of the current RootTestModule?\n- If JwtService is exported from a separate @Module, is that module imported within RootTestModule?\n  @Module({\n    imports: [ /* the Module containing JwtService */ ]\n  })\n\nFor more common dependency resolution issues, see: https://docs.nestjs.com/faq/common-errors\n    at TestingInjector.lookupComponentInParentModules (C:\\Users\\HP\\Desktop\\ahjoorxmr-backend\\ahjoorxmr\\node_modules\\@nestjs\\core\\injector\\injector.js:290:19)\n    at processTicksAndRejections (node:internal/process/task_queues:105:5)\n    at TestingInjector.resolveComponentWrapper (C:\\Users\\HP\\Desktop\\ahjoorxmr-backend\\ahjoorxmr\\node_modules\\@nestjs\\testing\\testing-injector.js:19:45)\n    at resolveParam (C:\\Users\\HP\\Desktop\\ahjoorxmr-backend\\ahjoorxmr\\node_modules\\@nestjs\\core\\injector\\injector.js:140:38)\n    at async Promise.all (index 1)\n    at TestingInjector.resolveConstructorParams (C:\\Users\\HP\\Desktop\\ahjoorxmr-backend\\ahjoorxmr\\node_modules\\@nestjs\\core\\injector\\injector.js:169:27)\n    at TestingInjector.loadInstance (C:\\Users\\HP\\Desktop\\ahjoorxmr-backend\\ahjoorxmr\\node_modules\\@nestjs\\core\\injector\\injector.js:75:13)\n    at TestingInjector.loadProvider (C:\\Users\\HP\\Desktop\\ahjoorxmr-backend\\ahjoorxmr\\node_modules\\@nestjs\\core\\injector\\injector.js:103:9)\n    at C:\\Users\\HP\\Desktop\\ahjoorxmr-backend\\ahjoorxmr\\node_modules\\@nestjs\\core\\injector\\instance-loader.js:56:13\n    at async Promise.all (index 3)\n    at TestingInstanceLoader.createInstancesOfProviders (C:\\Users\\HP\\Desktop\\ahjoorxmr-backend\\ahjoorxmr\\node_modules\\@nestjs\\core\\injector\\instance-loader.js:55:9)\n    at C:\\Users\\HP\\Desktop\\ahjoorxmr-backend\\ahjoorxmr\\node_modules\\@nestjs\\core\\injector\\instance-loader.js:40:13\n    at async Promise.all (index 1)\n    at TestingInstanceLoader.createInstances (C:\\Users\\HP\\Desktop\\ahjoorxmr-backend\\ahjoorxmr\\node_modules\\@nestjs\\core\\injector\\instance-loader.js:39:9)\n    at TestingInstanceLoader.createInstancesOfDependencies (C:\\Users\\HP\\Desktop\\ahjoorxmr-backend\\ahjoorxmr\\node_modules\\@nestjs\\core\\injector\\instance-loader.js:22:13)\n    at TestingInstanceLoader.createInstancesOfDependencies (C:\\Users\\HP\\Desktop\\ahjoorxmr-backend\\ahjoorxmr\\node_modules\\@nestjs\\testing\\testing-instance-loader.js:9:9)\n    at TestingModuleBuilder.createInstancesOfDependencies (C:\\Users\\HP\\Desktop\\ahjoorxmr-backend\\ahjoorxmr\\node_modules\\@nestjs\\testing\\testing-module.builder.js:118:9)\n    at TestingModuleBuilder.compile (C:\\Users\\HP\\Desktop\\ahjoorxmr-backend\\ahjoorxmr\\node_modules\\@nestjs\\testing\\testing-module.builder.js:74:9)\n    at Object.<anonymous> (C:\\Users\\HP\\Desktop\\ahjoorxmr-backend\\ahjoorxmr\\src\\auth\\auth.integration.spec.ts:15:42)"],"fullName":"Auth Integration Tests - Token Rotation & Revocation Multiple Refresh Cycles should handle multiple refresh cycles correctly","invocations":1,"location":null,"numPassingAsserts":0,"retryReasons":[],"startAt":1774710448322,"status":"failed","title":"should handle multiple refresh cycles correctly"}],"endTime":1774710448521,"message":"  ● Auth Integration Tests - Token Rotation & Revocation › Token Rotation › should increment tokenVersion on successful refresh\n\n    Nest can't resolve dependencies of the AuthService (UsersService, ?, ConfigService, TwoFactorService, StellarService). Please make sure that the argument JwtService at index [1] is available in the RootTestModule context.\n\n    Potential solutions:\n    - Is RootTestModule a valid NestJS module?\n    - If JwtService is a provider, is it part of the current RootTestModule?\n    - If JwtService is exported from a separate @Module, is that module imported within RootTestModule?\n      @Module({\n        imports: [ /* the Module containing JwtService */ ]\n      })\n\n    For more common dependency resolution issues, see: https://docs.nestjs.com/faq/common-errors\n\n    \u001b[0m \u001b[90m 13 |\u001b[39m\n     \u001b[90m 14 |\u001b[39m   beforeAll(\u001b[36masync\u001b[39m () \u001b[33m=>\u001b[39m {\n    \u001b[31m\u001b[1m>\u001b[22m\u001b[39m\u001b[90m 15 |\u001b[39m     \u001b[36mconst\u001b[39m moduleFixture\u001b[33m:\u001b[39m \u001b[33mTestingModule\u001b[39m \u001b[33m=\u001b[39m \u001b[36mawait\u001b[39m \u001b[33mTest\u001b[39m\u001b[33m.\u001b[39mcreateTestingModule({\n     \u001b[90m    |\u001b[39m                                          \u001b[31m\u001b[1m^\u001b[22m\u001b[39m\n     \u001b[90m 16 |\u001b[39m       providers\u001b[33m:\u001b[39m [\u001b[33mAuthService\u001b[39m\u001b[33m,\u001b[39m \u001b[33mUsersService\u001b[39m]\u001b[33m,\u001b[39m\n     \u001b[90m 17 |\u001b[39m     })\u001b[33m.\u001b[39mcompile()\u001b[33m;\u001b[39m\n     \u001b[90m 18 |\u001b[39m\u001b[0m\n\n      at TestingInjector.lookupComponentInParentModules (../node_modules/@nestjs/core/injector/injector.js:290:19)\n      at TestingInjector.resolveComponentWrapper (../node_modules/@nestjs/testing/testing-injector.js:19:45)\n      at resolveParam (../node_modules/@nestjs/core/injector/injector.js:140:38)\n          at async Promise.all (index 1)\n      at TestingInjector.resolveConstructorParams (../node_modules/@nestjs/core/injector/injector.js:169:27)\n      at TestingInjector.loadInstance (../node_modules/@nestjs/core/injector/injector.js:75:13)\n      at TestingInjector.loadProvider (../node_modules/@nestjs/core/injector/injector.js:103:9)\n      at ../node_modules/@nestjs/core/injector/instance-loader.js:56:13\n          at async Promise.all (index 3)\n      at TestingInstanceLoader.createInstancesOfProviders (../node_modules/@nestjs/core/injector/instance-loader.js:55:9)\n      at ../node_modules/@nestjs/core/injector/instance-loader.js:40:13\n          at async Promise.all (index 1)\n      at TestingInstanceLoader.createInstances (../node_modules/@nestjs/core/injector/instance-loader.js:39:9)\n      at TestingInstanceLoader.createInstancesOfDependencies (../node_modules/@nestjs/core/injector/instance-loader.js:22:13)\n      at TestingInstanceLoader.createInstancesOfDependencies (../node_modules/@nestjs/testing/testing-instance-loader.js:9:9)\n      at TestingModuleBuilder.createInstancesOfDependencies (../node_modules/@nestjs/testing/testing-module.builder.js:118:9)\n      at TestingModuleBuilder.compile (../node_modules/@nestjs/testing/testing-module.builder.js:74:9)\n      at Object.<anonymous> (auth/auth.integration.spec.ts:15:42)\n\n  ● Auth Integration Tests - Token Rotation & Revocation › Token Rotation › should include tokenVersion in JWT payload\n\n    Nest can't resolve dependencies of the AuthService (UsersService, ?, ConfigService, TwoFactorService, StellarService). Please make sure that the argument JwtService at index [1] is available in the RootTestModule context.\n\n    Potential solutions:\n    - Is RootTestModule a valid NestJS module?\n    - If JwtService is a provider, is it part of the current RootTestModule?\n    - If JwtService is exported from a separate @Module, is that module imported within RootTestModule?\n      @Module({\n        imports: [ /* the Module containing JwtService */ ]\n      })\n\n    For more common dependency resolution issues, see: https://docs.nestjs.com/faq/common-errors\n\n    \u001b[0m \u001b[90m 13 |\u001b[39m\n     \u001b[90m 14 |\u001b[39m   beforeAll(\u001b[36masync\u001b[39m () \u001b[33m=>\u001b[39m {\n    \u001b[31m\u001b[1m>\u001b[22m\u001b[39m\u001b[90m 15 |\u001b[39m     \u001b[36mconst\u001b[39m moduleFixture\u001b[33m:\u001b[39m \u001b[33mTestingModule\u001b[39m \u001b[33m=\u001b[39m \u001b[36mawait\u001b[39m \u001b[33mTest\u001b[39m\u001b[33m.\u001b[39mcreateTestingModule({\n     \u001b[90m    |\u001b[39m                                          \u001b[31m\u001b[1m^\u001b[22m\u001b[39m\n     \u001b[90m 16 |\u001b[39m       providers\u001b[33m:\u001b[39m [\u001b[33mAuthService\u001b[39m\u001b[33m,\u001b[39m \u001b[33mUsersService\u001b[39m]\u001b[33m,\u001b[39m\n     \u001b[90m 17 |\u001b[39m     })\u001b[33m.\u001b[39mcompile()\u001b[33m;\u001b[39m\n     \u001b[90m 18 |\u001b[39m\u001b[0m\n\n      at TestingInjector.lookupComponentInParentModules (../node_modules/@nestjs/core/injector/injector.js:290:19)\n      at TestingInjector.resolveComponentWrapper (../node_modules/@nestjs/testing/testing-injector.js:19:45)\n      at resolveParam (../node_modules/@nestjs/core/injector/injector.js:140:38)\n          at async Promise.all (index 1)\n      at TestingInjector.resolveConstructorParams (../node_modules/@nestjs/core/injector/injector.js:169:27)\n      at TestingInjector.loadInstance (../node_modules/@nestjs/core/injector/injector.js:75:13)\n      at TestingInjector.loadProvider (../node_modules/@nestjs/core/injector/injector.js:103:9)\n      at ../node_modules/@nestjs/core/injector/instance-loader.js:56:13\n          at async Promise.all (index 3)\n      at TestingInstanceLoader.createInstancesOfProviders (../node_modules/@nestjs/core/injector/instance-loader.js:55:9)\n      at ../node_modules/@nestjs/core/injector/instance-loader.js:40:13\n          at async Promise.all (index 1)\n      at TestingInstanceLoader.createInstances (../node_modules/@nestjs/core/injector/instance-loader.js:39:9)\n      at TestingInstanceLoader.createInstancesOfDependencies (../node_modules/@nestjs/core/injector/instance-loader.js:22:13)\n      at TestingInstanceLoader.createInstancesOfDependencies (../node_modules/@nestjs/testing/testing-instance-loader.js:9:9)\n      at TestingModuleBuilder.createInstancesOfDependencies (../node_modules/@nestjs/testing/testing-module.builder.js:118:9)\n      at TestingModuleBuilder.compile (../node_modules/@nestjs/testing/testing-module.builder.js:74:9)\n      at Object.<anonymous> (auth/auth.integration.spec.ts:15:42)\n\n  ● Auth Integration Tests - Token Rotation & Revocation › Token Rotation › old refresh token should be rejected after rotation\n\n    Nest can't resolve dependencies of the AuthService (UsersService, ?, ConfigService, TwoFactorService, StellarService). Please make sure that the argument JwtService at index [1] is available in the RootTestModule context.\n\n    Potential solutions:\n    - Is RootTestModule a valid NestJS module?\n    - If JwtService is a provider, is it part of the current RootTestModule?\n    - If JwtService is exported from a separate @Module, is that module imported within RootTestModule?\n      @Module({\n        imports: [ /* the Module containing JwtService */ ]\n      })\n\n    For more common dependency resolution issues, see: https://docs.nestjs.com/faq/common-errors\n\n    \u001b[0m \u001b[90m 13 |\u001b[39m\n     \u001b[90m 14 |\u001b[39m   beforeAll(\u001b[36masync\u001b[39m () \u001b[33m=>\u001b[39m {\n    \u001b[31m\u001b[1m>\u001b[22m\u001b[39m\u001b[90m 15 |\u001b[39m     \u001b[36mconst\u001b[39m moduleFixture\u001b[33m:\u001b[39m \u001b[33mTestingModule\u001b[39m \u001b[33m=\u001b[39m \u001b[36mawait\u001b[39m \u001b[33mTest\u001b[39m\u001b[33m.\u001b[39mcreateTestingModule({\n     \u001b[90m    |\u001b[39m                                          \u001b[31m\u001b[1m^\u001b[22m\u001b[39m\n     \u001b[90m 16 |\u001b[39m       providers\u001b[33m:\u001b[39m [\u001b[33mAuthService\u001b[39m\u001b[33m,\u001b[39m \u001b[33mUsersService\u001b[39m]\u001b[33m,\u001b[39m\n     \u001b[90m 17 |\u001b[39m     })\u001b[33m.\u001b[39mcompile()\u001b[33m;\u001b[39m\n     \u001b[90m 18 |\u001b[39m\u001b[0m\n\n      at TestingInjector.lookupComponentInParentModules (../node_modules/@nestjs/core/injector/injector.js:290:19)\n      at TestingInjector.resolveComponentWrapper (../node_modules/@nestjs/testing/testing-injector.js:19:45)\n      at resolveParam (../node_modules/@nestjs/core/injector/injector.js:140:38)\n          at async Promise.all (index 1)\n      at TestingInjector.resolveConstructorParams (../node_modules/@nestjs/core/injector/injector.js:169:27)\n      at TestingInjector.loadInstance (../node_modules/@nestjs/core/injector/injector.js:75:13)\n      at TestingInjector.loadProvider (../node_modules/@nestjs/core/injector/injector.js:103:9)\n      at ../node_modules/@nestjs/core/injector/instance-loader.js:56:13\n          at async Promise.all (index 3)\n      at TestingInstanceLoader.createInstancesOfProviders (../node_modules/@nestjs/core/injector/instance-loader.js:55:9)\n      at ../node_modules/@nestjs/core/injector/instance-loader.js:40:13\n          at async Promise.all (index 1)\n      at TestingInstanceLoader.createInstances (../node_modules/@nestjs/core/injector/instance-loader.js:39:9)\n      at TestingInstanceLoader.createInstancesOfDependencies (../node_modules/@nestjs/core/injector/instance-loader.js:22:13)\n      at TestingInstanceLoader.createInstancesOfDependencies (../node_modules/@nestjs/testing/testing-instance-loader.js:9:9)\n      at TestingModuleBuilder.createInstancesOfDependencies (../node_modules/@nestjs/testing/testing-module.builder.js:118:9)\n      at TestingModuleBuilder.compile (../node_modules/@nestjs/testing/testing-module.builder.js:74:9)\n      at Object.<anonymous> (auth/auth.integration.spec.ts:15:42)\n\n  ● Auth Integration Tests - Token Rotation & Revocation › Token Theft Detection › should detect token reuse and revoke all sessions\n\n    Nest can't resolve dependencies of the AuthService (UsersService, ?, ConfigService, TwoFactorService, StellarService). Please make sure that the argument JwtService at index [1] is available in the RootTestModule context.\n\n    Potential solutions:\n    - Is RootTestModule a valid NestJS module?\n    - If JwtService is a provider, is it part of the current RootTestModule?\n    - If JwtService is exported from a separate @Module, is that module imported within RootTestModule?\n      @Module({\n        imports: [ /* the Module containing JwtService */ ]\n      })\n\n    For more common dependency resolution issues, see: https://docs.nestjs.com/faq/common-errors\n\n    \u001b[0m \u001b[90m 13 |\u001b[39m\n     \u001b[90m 14 |\u001b[39m   beforeAll(\u001b[36masync\u001b[39m () \u001b[33m=>\u001b[39m {\n    \u001b[31m\u001b[1m>\u001b[22m\u001b[39m\u001b[90m 15 |\u001b[39m     \u001b[36mconst\u001b[39m moduleFixture\u001b[33m:\u001b[39m \u001b[33mTestingModule\u001b[39m \u001b[33m=\u001b[39m \u001b[36mawait\u001b[39m \u001b[33mTest\u001b[39m\u001b[33m.\u001b[39mcreateTestingModule({\n     \u001b[90m    |\u001b[39m                                          \u001b[31m\u001b[1m^\u001b[22m\u001b[39m\n     \u001b[90m 16 |\u001b[39m       providers\u001b[33m:\u001b[39m [\u001b[33mAuthService\u001b[39m\u001b[33m,\u001b[39m \u001b[33mUsersService\u001b[39m]\u001b[33m,\u001b[39m\n     \u001b[90m 17 |\u001b[39m     })\u001b[33m.\u001b[39mcompile()\u001b[33m;\u001b[39m\n     \u001b[90m 18 |\u001b[39m\u001b[0m\n\n      at TestingInjector.lookupComponentInParentModules (../node_modules/@nestjs/core/injector/injector.js:290:19)\n      at TestingInjector.resolveComponentWrapper (../node_modules/@nestjs/testing/testing-injector.js:19:45)\n      at resolveParam (../node_modules/@nestjs/core/injector/injector.js:140:38)\n          at async Promise.all (index 1)\n      at TestingInjector.resolveConstructorParams (../node_modules/@nestjs/core/injector/injector.js:169:27)\n      at TestingInjector.loadInstance (../node_modules/@nestjs/core/injector/injector.js:75:13)\n      at TestingInjector.loadProvider (../node_modules/@nestjs/core/injector/injector.js:103:9)\n      at ../node_modules/@nestjs/core/injector/instance-loader.js:56:13\n          at async Promise.all (index 3)\n      at TestingInstanceLoader.createInstancesOfProviders (../node_modules/@nestjs/core/injector/instance-loader.js:55:9)\n      at ../node_modules/@nestjs/core/injector/instance-loader.js:40:13\n          at async Promise.all (index 1)\n      at TestingInstanceLoader.createInstances (../node_modules/@nestjs/core/injector/instance-loader.js:39:9)\n      at TestingInstanceLoader.createInstancesOfDependencies (../node_modules/@nestjs/core/injector/instance-loader.js:22:13)\n      at TestingInstanceLoader.createInstancesOfDependencies (../node_modules/@nestjs/testing/testing-instance-loader.js:9:9)\n      at TestingModuleBuilder.createInstancesOfDependencies (../node_modules/@nestjs/testing/testing-module.builder.js:118:9)\n      at TestingModuleBuilder.compile (../node_modules/@nestjs/testing/testing-module.builder.js:74:9)\n      at Object.<anonymous> (auth/auth.integration.spec.ts:15:42)\n\n  ● Auth Integration Tests - Token Rotation & Revocation › Token Theft Detection › should reject tokens with mismatched tokenVersion\n\n    Nest can't resolve dependencies of the AuthService (UsersService, ?, ConfigService, TwoFactorService, StellarService). Please make sure that the argument JwtService at index [1] is available in the RootTestModule context.\n\n    Potential solutions:\n    - Is RootTestModule a valid NestJS module?\n    - If JwtService is a provider, is it part of the current RootTestModule?\n    - If JwtService is exported from a separate @Module, is that module imported within RootTestModule?\n      @Module({\n        imports: [ /* the Module containing JwtService */ ]\n      })\n\n    For more common dependency resolution issues, see: https://docs.nestjs.com/faq/common-errors\n\n    \u001b[0m \u001b[90m 13 |\u001b[39m\n     \u001b[90m 14 |\u001b[39m   beforeAll(\u001b[36masync\u001b[39m () \u001b[33m=>\u001b[39m {\n    \u001b[31m\u001b[1m>\u001b[22m\u001b[39m\u001b[90m 15 |\u001b[39m     \u001b[36mconst\u001b[39m moduleFixture\u001b[33m:\u001b[39m \u001b[33mTestingModule\u001b[39m \u001b[33m=\u001b[39m \u001b[36mawait\u001b[39m \u001b[33mTest\u001b[39m\u001b[33m.\u001b[39mcreateTestingModule({\n     \u001b[90m    |\u001b[39m                                          \u001b[31m\u001b[1m^\u001b[22m\u001b[39m\n     \u001b[90m 16 |\u001b[39m       providers\u001b[33m:\u001b[39m [\u001b[33mAuthService\u001b[39m\u001b[33m,\u001b[39m \u001b[33mUsersService\u001b[39m]\u001b[33m,\u001b[39m\n     \u001b[90m 17 |\u001b[39m     })\u001b[33m.\u001b[39mcompile()\u001b[33m;\u001b[39m\n     \u001b[90m 18 |\u001b[39m\u001b[0m\n\n      at TestingInjector.lookupComponentInParentModules (../node_modules/@nestjs/core/injector/injector.js:290:19)\n      at TestingInjector.resolveComponentWrapper (../node_modules/@nestjs/testing/testing-injector.js:19:45)\n      at resolveParam (../node_modules/@nestjs/core/injector/injector.js:140:38)\n          at async Promise.all (index 1)\n      at TestingInjector.resolveConstructorParams (../node_modules/@nestjs/core/injector/injector.js:169:27)\n      at TestingInjector.loadInstance (../node_modules/@nestjs/core/injector/injector.js:75:13)\n      at TestingInjector.loadProvider (../node_modules/@nestjs/core/injector/injector.js:103:9)\n      at ../node_modules/@nestjs/core/injector/instance-loader.js:56:13\n          at async Promise.all (index 3)\n      at TestingInstanceLoader.createInstancesOfProviders (../node_modules/@nestjs/core/injector/instance-loader.js:55:9)\n      at ../node_modules/@nestjs/core/injector/instance-loader.js:40:13\n          at async Promise.all (index 1)\n      at TestingInstanceLoader.createInstances (../node_modules/@nestjs/core/injector/instance-loader.js:39:9)\n      at TestingInstanceLoader.createInstancesOfDependencies (../node_modules/@nestjs/core/injector/instance-loader.js:22:13)\n      at TestingInstanceLoader.createInstancesOfDependencies (../node_modules/@nestjs/testing/testing-instance-loader.js:9:9)\n      at TestingModuleBuilder.createInstancesOfDependencies (../node_modules/@nestjs/testing/testing-module.builder.js:118:9)\n      at TestingModuleBuilder.compile (../node_modules/@nestjs/testing/testing-module.builder.js:74:9)\n      at Object.<anonymous> (auth/auth.integration.spec.ts:15:42)\n\n  ● Auth Integration Tests - Token Rotation & Revocation › Logout Functionality › should clear refreshTokenHash on logout\n\n    Nest can't resolve dependencies of the AuthService (UsersService, ?, ConfigService, TwoFactorService, StellarService). Please make sure that the argument JwtService at index [1] is available in the RootTestModule context.\n\n    Potential solutions:\n    - Is RootTestModule a valid NestJS module?\n    - If JwtService is a provider, is it part of the current RootTestModule?\n    - If JwtService is exported from a separate @Module, is that module imported within RootTestModule?\n      @Module({\n        imports: [ /* the Module containing JwtService */ ]\n      })\n\n    For more common dependency resolution issues, see: https://docs.nestjs.com/faq/common-errors\n\n    \u001b[0m \u001b[90m 13 |\u001b[39m\n     \u001b[90m 14 |\u001b[39m   beforeAll(\u001b[36masync\u001b[39m () \u001b[33m=>\u001b[39m {\n    \u001b[31m\u001b[1m>\u001b[22m\u001b[39m\u001b[90m 15 |\u001b[39m     \u001b[36mconst\u001b[39m moduleFixture\u001b[33m:\u001b[39m \u001b[33mTestingModule\u001b[39m \u001b[33m=\u001b[39m \u001b[36mawait\u001b[39m \u001b[33mTest\u001b[39m\u001b[33m.\u001b[39mcreateTestingModule({\n     \u001b[90m    |\u001b[39m                                          \u001b[31m\u001b[1m^\u001b[22m\u001b[39m\n     \u001b[90m 16 |\u001b[39m       providers\u001b[33m:\u001b[39m [\u001b[33mAuthService\u001b[39m\u001b[33m,\u001b[39m \u001b[33mUsersService\u001b[39m]\u001b[33m,\u001b[39m\n     \u001b[90m 17 |\u001b[39m     })\u001b[33m.\u001b[39mcompile()\u001b[33m;\u001b[39m\n     \u001b[90m 18 |\u001b[39m\u001b[0m\n\n      at TestingInjector.lookupComponentInParentModules (../node_modules/@nestjs/core/injector/injector.js:290:19)\n      at TestingInjector.resolveComponentWrapper (../node_modules/@nestjs/testing/testing-injector.js:19:45)\n      at resolveParam (../node_modules/@nestjs/core/injector/injector.js:140:38)\n          at async Promise.all (index 1)\n      at TestingInjector.resolveConstructorParams (../node_modules/@nestjs/core/injector/injector.js:169:27)\n      at TestingInjector.loadInstance (../node_modules/@nestjs/core/injector/injector.js:75:13)\n      at TestingInjector.loadProvider (../node_modules/@nestjs/core/injector/injector.js:103:9)\n      at ../node_modules/@nestjs/core/injector/instance-loader.js:56:13\n          at async Promise.all (index 3)\n      at TestingInstanceLoader.createInstancesOfProviders (../node_modules/@nestjs/core/injector/instance-loader.js:55:9)\n      at ../node_modules/@nestjs/core/injector/instance-loader.js:40:13\n          at async Promise.all (index 1)\n      at TestingInstanceLoader.createInstances (../node_modules/@nestjs/core/injector/instance-loader.js:39:9)\n      at TestingInstanceLoader.createInstancesOfDependencies (../node_modules/@nestjs/core/injector/instance-loader.js:22:13)\n      at TestingInstanceLoader.createInstancesOfDependencies (../node_modules/@nestjs/testing/testing-instance-loader.js:9:9)\n      at TestingModuleBuilder.createInstancesOfDependencies (../node_modules/@nestjs/testing/testing-module.builder.js:118:9)\n      at TestingModuleBuilder.compile (../node_modules/@nestjs/testing/testing-module.builder.js:74:9)\n      at Object.<anonymous> (auth/auth.integration.spec.ts:15:42)\n\n  ● Auth Integration Tests - Token Rotation & Revocation › Logout Functionality › should increment tokenVersion on logout\n\n    Nest can't resolve dependencies of the AuthService (UsersService, ?, ConfigService, TwoFactorService, StellarService). Please make sure that the argument JwtService at index [1] is available in the RootTestModule context.\n\n    Potential solutions:\n    - Is RootTestModule a valid NestJS module?\n    - If JwtService is a provider, is it part of the current RootTestModule?\n    - If JwtService is exported from a separate @Module, is that module imported within RootTestModule?\n      @Module({\n        imports: [ /* the Module containing JwtService */ ]\n      })\n\n    For more common dependency resolution issues, see: https://docs.nestjs.com/faq/common-errors\n\n    \u001b[0m \u001b[90m 13 |\u001b[39m\n     \u001b[90m 14 |\u001b[39m   beforeAll(\u001b[36masync\u001b[39m () \u001b[33m=>\u001b[39m {\n    \u001b[31m\u001b[1m>\u001b[22m\u001b[39m\u001b[90m 15 |\u001b[39m     \u001b[36mconst\u001b[39m moduleFixture\u001b[33m:\u001b[39m \u001b[33mTestingModule\u001b[39m \u001b[33m=\u001b[39m \u001b[36mawait\u001b[39m \u001b[33mTest\u001b[39m\u001b[33m.\u001b[39mcreateTestingModule({\n     \u001b[90m    |\u001b[39m                                          \u001b[31m\u001b[1m^\u001b[22m\u001b[39m\n     \u001b[90m 16 |\u001b[39m       providers\u001b[33m:\u001b[39m [\u001b[33mAuthService\u001b[39m\u001b[33m,\u001b[39m \u001b[33mUsersService\u001b[39m]\u001b[33m,\u001b[39m\n     \u001b[90m 17 |\u001b[39m     })\u001b[33m.\u001b[39mcompile()\u001b[33m;\u001b[39m\n     \u001b[90m 18 |\u001b[39m\u001b[0m\n\n      at TestingInjector.lookupComponentInParentModules (../node_modules/@nestjs/core/injector/injector.js:290:19)\n      at TestingInjector.resolveComponentWrapper (../node_modules/@nestjs/testing/testing-injector.js:19:45)\n      at resolveParam (../node_modules/@nestjs/core/injector/injector.js:140:38)\n          at async Promise.all (index 1)\n      at TestingInjector.resolveConstructorParams (../node_modules/@nestjs/core/injector/injector.js:169:27)\n      at TestingInjector.loadInstance (../node_modules/@nestjs/core/injector/injector.js:75:13)\n      at TestingInjector.loadProvider (../node_modules/@nestjs/core/injector/injector.js:103:9)\n      at ../node_modules/@nestjs/core/injector/instance-loader.js:56:13\n          at async Promise.all (index 3)\n      at TestingInstanceLoader.createInstancesOfProviders (../node_modules/@nestjs/core/injector/instance-loader.js:55:9)\n      at ../node_modules/@nestjs/core/injector/instance-loader.js:40:13\n          at async Promise.all (index 1)\n      at TestingInstanceLoader.createInstances (../node_modules/@nestjs/core/injector/instance-loader.js:39:9)\n      at TestingInstanceLoader.createInstancesOfDependencies (../node_modules/@nestjs/core/injector/instance-loader.js:22:13)\n      at TestingInstanceLoader.createInstancesOfDependencies (../node_modules/@nestjs/testing/testing-instance-loader.js:9:9)\n      at TestingModuleBuilder.createInstancesOfDependencies (../node_modules/@nestjs/testing/testing-module.builder.js:118:9)\n      at TestingModuleBuilder.compile (../node_modules/@nestjs/testing/testing-module.builder.js:74:9)\n      at Object.<anonymous> (auth/auth.integration.spec.ts:15:42)\n\n  ● Auth Integration Tests - Token Rotation & Revocation › Logout Functionality › should invalidate all active sessions on logout\n\n    Nest can't resolve dependencies of the AuthService (UsersService, ?, ConfigService, TwoFactorService, StellarService). Please make sure that the argument JwtService at index [1] is available in the RootTestModule context.\n\n    Potential solutions:\n    - Is RootTestModule a valid NestJS module?\n    - If JwtService is a provider, is it part of the current RootTestModule?\n    - If JwtService is exported from a separate @Module, is that module imported within RootTestModule?\n      @Module({\n        imports: [ /* the Module containing JwtService */ ]\n      })\n\n    For more common dependency resolution issues, see: https://docs.nestjs.com/faq/common-errors\n\n    \u001b[0m \u001b[90m 13 |\u001b[39m\n     \u001b[90m 14 |\u001b[39m   beforeAll(\u001b[36masync\u001b[39m () \u001b[33m=>\u001b[39m {\n    \u001b[31m\u001b[1m>\u001b[22m\u001b[39m\u001b[90m 15 |\u001b[39m     \u001b[36mconst\u001b[39m moduleFixture\u001b[33m:\u001b[39m \u001b[33mTestingModule\u001b[39m \u001b[33m=\u001b[39m \u001b[36mawait\u001b[39m \u001b[33mTest\u001b[39m\u001b[33m.\u001b[39mcreateTestingModule({\n     \u001b[90m    |\u001b[39m                                          \u001b[31m\u001b[1m^\u001b[22m\u001b[39m\n     \u001b[90m 16 |\u001b[39m       providers\u001b[33m:\u001b[39m [\u001b[33mAuthService\u001b[39m\u001b[33m,\u001b[39m \u001b[33mUsersService\u001b[39m]\u001b[33m,\u001b[39m\n     \u001b[90m 17 |\u001b[39m     })\u001b[33m.\u001b[39mcompile()\u001b[33m;\u001b[39m\n     \u001b[90m 18 |\u001b[39m\u001b[0m\n\n      at TestingInjector.lookupComponentInParentModules (../node_modules/@nestjs/core/injector/injector.js:290:19)\n      at TestingInjector.resolveComponentWrapper (../node_modules/@nestjs/testing/testing-injector.js:19:45)\n      at resolveParam (../node_modules/@nestjs/core/injector/injector.js:140:38)\n          at async Promise.all (index 1)\n      at TestingInjector.resolveConstructorParams (../node_modules/@nestjs/core/injector/injector.js:169:27)\n      at TestingInjector.loadInstance (../node_modules/@nestjs/core/injector/injector.js:75:13)\n      at TestingInjector.loadProvider (../node_modules/@nestjs/core/injector/injector.js:103:9)\n      at ../node_modules/@nestjs/core/injector/instance-loader.js:56:13\n          at async Promise.all (index 3)\n      at TestingInstanceLoader.createInstancesOfProviders (../node_modules/@nestjs/core/injector/instance-loader.js:55:9)\n      at ../node_modules/@nestjs/core/injector/instance-loader.js:40:13\n          at async Promise.all (index 1)\n      at TestingInstanceLoader.createInstances (../node_modules/@nestjs/core/injector/instance-loader.js:39:9)\n      at TestingInstanceLoader.createInstancesOfDependencies (../node_modules/@nestjs/core/injector/instance-loader.js:22:13)\n      at TestingInstanceLoader.createInstancesOfDependencies (../node_modules/@nestjs/testing/testing-instance-loader.js:9:9)\n      at TestingModuleBuilder.createInstancesOfDependencies (../node_modules/@nestjs/testing/testing-module.builder.js:118:9)\n      at TestingModuleBuilder.compile (../node_modules/@nestjs/testing/testing-module.builder.js:74:9)\n      at Object.<anonymous> (auth/auth.integration.spec.ts:15:42)\n\n  ● Auth Integration Tests - Token Rotation & Revocation › Token Version Mismatch › should return 401 when tokenVersion does not match\n\n    Nest can't resolve dependencies of the AuthService (UsersService, ?, ConfigService, TwoFactorService, StellarService). Please make sure that the argument JwtService at index [1] is available in the RootTestModule context.\n\n    Potential solutions:\n    - Is RootTestModule a valid NestJS module?\n    - If JwtService is a provider, is it part of the current RootTestModule?\n    - If JwtService is exported from a separate @Module, is that module imported within RootTestModule?\n      @Module({\n        imports: [ /* the Module containing JwtService */ ]\n      })\n\n    For more common dependency resolution issues, see: https://docs.nestjs.com/faq/common-errors\n\n    \u001b[0m \u001b[90m 13 |\u001b[39m\n     \u001b[90m 14 |\u001b[39m   beforeAll(\u001b[36masync\u001b[39m () \u001b[33m=>\u001b[39m {\n    \u001b[31m\u001b[1m>\u001b[22m\u001b[39m\u001b[90m 15 |\u001b[39m     \u001b[36mconst\u001b[39m moduleFixture\u001b[33m:\u001b[39m \u001b[33mTestingModule\u001b[39m \u001b[33m=\u001b[39m \u001b[36mawait\u001b[39m \u001b[33mTest\u001b[39m\u001b[33m.\u001b[39mcreateTestingModule({\n     \u001b[90m    |\u001b[39m                                          \u001b[31m\u001b[1m^\u001b[22m\u001b[39m\n     \u001b[90m 16 |\u001b[39m       providers\u001b[33m:\u001b[39m [\u001b[33mAuthService\u001b[39m\u001b[33m,\u001b[39m \u001b[33mUsersService\u001b[39m]\u001b[33m,\u001b[39m\n     \u001b[90m 17 |\u001b[39m     })\u001b[33m.\u001b[39mcompile()\u001b[33m;\u001b[39m\n     \u001b[90m 18 |\u001b[39m\u001b[0m\n\n      at TestingInjector.lookupComponentInParentModules (../node_modules/@nestjs/core/injector/injector.js:290:19)\n      at TestingInjector.resolveComponentWrapper (../node_modules/@nestjs/testing/testing-injector.js:19:45)\n      at resolveParam (../node_modules/@nestjs/core/injector/injector.js:140:38)\n          at async Promise.all (index 1)\n      at TestingInjector.resolveConstructorParams (../node_modules/@nestjs/core/injector/injector.js:169:27)\n      at TestingInjector.loadInstance (../node_modules/@nestjs/core/injector/injector.js:75:13)\n      at TestingInjector.loadProvider (../node_modules/@nestjs/core/injector/injector.js:103:9)\n      at ../node_modules/@nestjs/core/injector/instance-loader.js:56:13\n          at async Promise.all (index 3)\n      at TestingInstanceLoader.createInstancesOfProviders (../node_modules/@nestjs/core/injector/instance-loader.js:55:9)\n      at ../node_modules/@nestjs/core/injector/instance-loader.js:40:13\n          at async Promise.all (index 1)\n      at TestingInstanceLoader.createInstances (../node_modules/@nestjs/core/injector/instance-loader.js:39:9)\n      at TestingInstanceLoader.createInstancesOfDependencies (../node_modules/@nestjs/core/injector/instance-loader.js:22:13)\n      at TestingInstanceLoader.createInstancesOfDependencies (../node_modules/@nestjs/testing/testing-instance-loader.js:9:9)\n      at TestingModuleBuilder.createInstancesOfDependencies (../node_modules/@nestjs/testing/testing-module.builder.js:118:9)\n      at TestingModuleBuilder.compile (../node_modules/@nestjs/testing/testing-module.builder.js:74:9)\n      at Object.<anonymous> (auth/auth.integration.spec.ts:15:42)\n\n  ● Auth Integration Tests - Token Rotation & Revocation › Multiple Refresh Cycles › should handle multiple refresh cycles correctly\n\n    Nest can't resolve dependencies of the AuthService (UsersService, ?, ConfigService, TwoFactorService, StellarService). Please make sure that the argument JwtService at index [1] is available in the RootTestModule context.\n\n    Potential solutions:\n    - Is RootTestModule a valid NestJS module?\n    - If JwtService is a provider, is it part of the current RootTestModule?\n    - If JwtService is exported from a separate @Module, is that module imported within RootTestModule?\n      @Module({\n        imports: [ /* the Module containing JwtService */ ]\n      })\n\n    For more common dependency resolution issues, see: https://docs.nestjs.com/faq/common-errors\n\n    \u001b[0m \u001b[90m 13 |\u001b[39m\n     \u001b[90m 14 |\u001b[39m   beforeAll(\u001b[36masync\u001b[39m () \u001b[33m=>\u001b[39m {\n    \u001b[31m\u001b[1m>\u001b[22m\u001b[39m\u001b[90m 15 |\u001b[39m     \u001b[36mconst\u001b[39m moduleFixture\u001b[33m:\u001b[39m \u001b[33mTestingModule\u001b[39m \u001b[33m=\u001b[39m \u001b[36mawait\u001b[39m \u001b[33mTest\u001b[39m\u001b[33m.\u001b[39mcreateTestingModule({\n     \u001b[90m    |\u001b[39m                                          \u001b[31m\u001b[1m^\u001b[22m\u001b[39m\n     \u001b[90m 16 |\u001b[39m       providers\u001b[33m:\u001b[39m [\u001b[33mAuthService\u001b[39m\u001b[33m,\u001b[39m \u001b[33mUsersService\u001b[39m]\u001b[33m,\u001b[39m\n     \u001b[90m 17 |\u001b[39m     })\u001b[33m.\u001b[39mcompile()\u001b[33m;\u001b[39m\n     \u001b[90m 18 |\u001b[39m\u001b[0m\n\n      at TestingInjector.lookupComponentInParentModules (../node_modules/@nestjs/core/injector/injector.js:290:19)\n      at TestingInjector.resolveComponentWrapper (../node_modules/@nestjs/testing/testing-injector.js:19:45)\n      at resolveParam (../node_modules/@nestjs/core/injector/injector.js:140:38)\n          at async Promise.all (index 1)\n      at TestingInjector.resolveConstructorParams (../node_modules/@nestjs/core/injector/injector.js:169:27)\n      at TestingInjector.loadInstance (../node_modules/@nestjs/core/injector/injector.js:75:13)\n      at TestingInjector.loadProvider (../node_modules/@nestjs/core/injector/injector.js:103:9)\n      at ../node_modules/@nestjs/core/injector/instance-loader.js:56:13\n          at async Promise.all (index 3)\n      at TestingInstanceLoader.createInstancesOfProviders (../node_modules/@nestjs/core/injector/instance-loader.js:55:9)\n      at ../node_modules/@nestjs/core/injector/instance-loader.js:40:13\n          at async Promise.all (index 1)\n      at TestingInstanceLoader.createInstances (../node_modules/@nestjs/core/injector/instance-loader.js:39:9)\n      at TestingInstanceLoader.createInstancesOfDependencies (../node_modules/@nestjs/core/injector/instance-loader.js:22:13)\n      at TestingInstanceLoader.createInstancesOfDependencies (../node_modules/@nestjs/testing/testing-instance-loader.js:9:9)\n      at TestingModuleBuilder.createInstancesOfDependencies (../node_modules/@nestjs/testing/testing-module.builder.js:118:9)\n      at TestingModuleBuilder.compile (../node_modules/@nestjs/testing/testing-module.builder.js:74:9)\n      at Object.<anonymous> (auth/auth.integration.spec.ts:15:42)\n","name":"C:\\Users\\HP\\Desktop\\ahjoorxmr-backend\\ahjoorxmr\\src\\auth\\auth.integration.spec.ts","startTime":1774710438728,"status":"failed","summary":""},{"assertionResults":[{"ancestorTitles":["TwoFactorService","enable()"],"duration":136,"failing":false,"failureDetails":[],"failureMessages":[],"fullName":"TwoFactorService enable() persists secret and hashed backup codes; returns plaintext codes and QR","invocations":1,"location":null,"numPassingAsserts":5,"retryReasons":[],"startAt":1774710448165,"status":"passed","title":"persists secret and hashed backup codes; returns plaintext codes and QR"},{"ancestorTitles":["TwoFactorService","enable()"],"duration":14,"failing":false,"failureDetails":[],"failureMessages":[],"fullName":"TwoFactorService enable() QR code encodes the same secret that is persisted","invocations":1,"location":null,"numPassingAsserts":1,"retryReasons":[],"startAt":1774710448303,"status":"passed","title":"QR code encodes the same secret that is persisted"},{"ancestorTitles":["TwoFactorService","verify()"],"duration":120,"failing":false,"failureDetails":[],"failureMessages":[],"fullName":"TwoFactorService verify() throws BadRequestException when no secret is stored","invocations":1,"location":null,"numPassingAsserts":2,"retryReasons":[],"startAt":1774710448318,"status":"passed","title":"throws BadRequestException when no secret is stored"},{"ancestorTitles":["TwoFactorService","verify()"],"duration":10,"failing":false,"failureDetails":[],"failureMessages":[],"fullName":"TwoFactorService verify() throws BadRequestException when TOTP token is invalid","invocations":1,"location":null,"numPassingAsserts":2,"retryReasons":[],"startAt":1774710448439,"status":"passed","title":"throws BadRequestException when TOTP token is invalid"},{"ancestorTitles":["TwoFactorService","verify()"],"duration":22,"failing":false,"failureDetails":[],"failureMessages":[],"fullName":"TwoFactorService verify() sets twoFactorEnabled = true when token is valid","invocations":1,"location":null,"numPassingAsserts":1,"retryReasons":[],"startAt":1774710448450,"status":"passed","title":"sets twoFactorEnabled = true when token is valid"},{"ancestorTitles":["TwoFactorService","disable()"],"duration":16,"failing":false,"failureDetails":[],"failureMessages":[],"fullName":"TwoFactorService disable() throws BadRequestException when 2FA is not enabled","invocations":1,"location":null,"numPassingAsserts":1,"retryReasons":[],"startAt":1774710448473,"status":"passed","title":"throws BadRequestException when 2FA is not enabled"},{"ancestorTitles":["TwoFactorService","disable()"],"duration":18,"failing":false,"failureDetails":[],"failureMessages":[],"fullName":"TwoFactorService disable() throws UnauthorizedException on wrong password","invocations":1,"location":null,"numPassingAsserts":2,"retryReasons":[],"startAt":1774710448490,"status":"passed","title":"throws UnauthorizedException on wrong password"},{"ancestorTitles":["TwoFactorService","disable()"],"duration":11,"failing":false,"failureDetails":[],"failureMessages":[],"fullName":"TwoFactorService disable() throws UnauthorizedException on invalid TOTP token","invocations":1,"location":null,"numPassingAsserts":2,"retryReasons":[],"startAt":1774710448508,"status":"passed","title":"throws UnauthorizedException on invalid TOTP token"},{"ancestorTitles":["TwoFactorService","disable()"],"duration":10,"failing":false,"failureDetails":[],"failureMessages":[],"fullName":"TwoFactorService disable() clears all 2FA fields when password and token are valid","invocations":1,"location":null,"numPassingAsserts":1,"retryReasons":[],"startAt":1774710448519,"status":"passed","title":"clears all 2FA fields when password and token are valid"},{"ancestorTitles":["TwoFactorService","completeTwoFactorLogin()"],"duration":15,"failing":false,"failureDetails":[],"failureMessages":[],"fullName":"TwoFactorService completeTwoFactorLogin() throws UnauthorizedException on invalid pre-auth token","invocations":1,"location":null,"numPassingAsserts":1,"retryReasons":[],"startAt":1774710448530,"status":"passed","title":"throws UnauthorizedException on invalid pre-auth token"},{"ancestorTitles":["TwoFactorService","completeTwoFactorLogin()"],"duration":6,"failing":false,"failureDetails":[],"failureMessages":[],"fullName":"TwoFactorService completeTwoFactorLogin() throws ForbiddenException when 2FA is not enabled on the account","invocations":1,"location":null,"numPassingAsserts":1,"retryReasons":[],"startAt":1774710448545,"status":"passed","title":"throws ForbiddenException when 2FA is not enabled on the account"},{"ancestorTitles":["TwoFactorService","completeTwoFactorLogin()"],"duration":7,"failing":false,"failureDetails":[],"failureMessages":[],"fullName":"TwoFactorService completeTwoFactorLogin() returns userId when TOTP token is valid","invocations":1,"location":null,"numPassingAsserts":2,"retryReasons":[],"startAt":1774710448552,"status":"passed","title":"returns userId when TOTP token is valid"},{"ancestorTitles":["TwoFactorService","completeTwoFactorLogin()"],"duration":48,"failing":false,"failureDetails":[],"failureMessages":[],"fullName":"TwoFactorService completeTwoFactorLogin() accepts a valid backup code and removes it from the stored list","invocations":1,"location":null,"numPassingAsserts":2,"retryReasons":[],"startAt":1774710448560,"status":"passed","title":"accepts a valid backup code and removes it from the stored list"},{"ancestorTitles":["TwoFactorService","completeTwoFactorLogin()"],"duration":8,"failing":false,"failureDetails":[],"failureMessages":[],"fullName":"TwoFactorService completeTwoFactorLogin() rejects a backup code that has already been consumed","invocations":1,"location":null,"numPassingAsserts":1,"retryReasons":[],"startAt":1774710448608,"status":"passed","title":"rejects a backup code that has already been consumed"},{"ancestorTitles":["TwoFactorService","completeTwoFactorLogin()"],"duration":14,"failing":false,"failureDetails":[],"failureMessages":[],"fullName":"TwoFactorService completeTwoFactorLogin() throws UnauthorizedException when both TOTP and backup code are invalid","invocations":1,"location":null,"numPassingAsserts":1,"retryReasons":[],"startAt":1774710448616,"status":"passed","title":"throws UnauthorizedException when both TOTP and backup code are invalid"},{"ancestorTitles":["TwoFactorService","verifyPreAuthToken()"],"duration":10,"failing":false,"failureDetails":[],"failureMessages":[],"fullName":"TwoFactorService verifyPreAuthToken() throws when twoFactorPending flag is absent","invocations":1,"location":null,"numPassingAsserts":1,"retryReasons":[],"startAt":1774710448630,"status":"passed","title":"throws when twoFactorPending flag is absent"},{"ancestorTitles":["TwoFactorService","verifyPreAuthToken()"],"duration":18,"failing":false,"failureDetails":[],"failureMessages":[],"fullName":"TwoFactorService verifyPreAuthToken() throws on expired token","invocations":1,"location":null,"numPassingAsserts":1,"retryReasons":[],"startAt":1774710448640,"status":"passed","title":"throws on expired token"},{"ancestorTitles":["AuthService.login — 2FA gate"],"duration":10,"failing":false,"failureDetails":[{"type":"AuthService","context":{"index":4,"dependencies":[null,null,null,null,null]},"metadata":{"id":"cdc475023458d9ba97885"},"moduleRef":{"id":"6bd29b5131cdc47502345"}}],"failureMessages":["Error: Nest can't resolve dependencies of the AuthService (UsersService, JwtService, ConfigService, TwoFactorService, ?). Please make sure that the argument StellarService at index [4] is available in the RootTestModule context.\n\nPotential solutions:\n- Is RootTestModule a valid NestJS module?\n- If StellarService is a provider, is it part of the current RootTestModule?\n- If StellarService is exported from a separate @Module, is that module imported within RootTestModule?\n  @Module({\n    imports: [ /* the Module containing StellarService */ ]\n  })\n\nFor more common dependency resolution issues, see: h
[...]
\n    Cannot find module '../../src/notifications/notifications.module' from 'notification/notifications.e2e.spec.ts'\n\n    \u001b[0m \u001b[90m 4 |\u001b[39m \u001b[36mimport\u001b[39m { getRepositoryToken } \u001b[36mfrom\u001b[39m \u001b[32m'@nestjs/typeorm'\u001b[39m\u001b[33m;\u001b[39m\n     \u001b[90m 5 |\u001b[39m \u001b[36mimport\u001b[39m { \u001b[33mMailerService\u001b[39m } \u001b[36mfrom\u001b[39m \u001b[32m'@nestjs-modules/mailer'\u001b[39m\u001b[33m;\u001b[39m\n    \u001b[31m\u001b[1m>\u001b[22m\u001b[39m\u001b[90m 6 |\u001b[39m \u001b[36mimport\u001b[39m { \u001b[33mNotificationsModule\u001b[39m } \u001b[36mfrom\u001b[39m \u001b[32m'../../src/notifications/notifications.module'\u001b[39m\u001b[33m;\u001b[39m\n     \u001b[90m   |\u001b[39m \u001b[31m\u001b[1m^\u001b[22m\u001b[39m\n     \u001b[90m 7 |\u001b[39m \u001b[36mimport\u001b[39m { \u001b[33mNotification\u001b[39m } \u001b[36mfrom\u001b[39m \u001b[32m'../../src/notifications/entities/notification.entity'\u001b[39m\u001b[33m;\u001b[39m\n     \u001b[90m 8 |\u001b[39m \u001b[36mimport\u001b[39m { \u001b[33mNotificationType\u001b[39m } \u001b[36mfrom\u001b[39m \u001b[32m'../../src/notifications/enums/notification-type.enum'\u001b[39m\u001b[33m;\u001b[39m\n     \u001b[90m 9 |\u001b[39m \u001b[36mimport\u001b[39m { \u001b[33mJwtAuthGuard\u001b[39m } \u001b[36mfrom\u001b[39m \u001b[32m'../../src/auth/guards/jwt-auth.guard'\u001b[39m\u001b[33m;\u001b[39m\u001b[0m\n\n      at Resolver._throwModNotFoundError (../node_modules/jest-resolve/build/index.js:863:11)\n      at Object.<anonymous> (notification/notifications.e2e.spec.ts:6:1)\n","name":"C:\\Users\\HP\\Desktop\\ahjoorxmr-backend\\ahjoorxmr\\src\\notification\\notifications.e2e.spec.ts","startTime":1774710501850,"status":"failed","summary":""},{"assertionResults":[],"coverage":{},"endTime":1774710501850,"message":"  ● Test suite failed to run\n\n    TypeError: Cannot read properties of undefined (reading 'value')\n\n    \u001b[0m \u001b[90m 2 |\u001b[39m   \u001b[33mBody\u001b[39m\u001b[33m,\u001b[39m\n     \u001b[90m 3 |\u001b[39m   \u001b[33mController\u001b[39m\u001b[33m,\u001b[39m\n    \u001b[31m\u001b[1m>\u001b[22m\u001b[39m\u001b[90m 4 |\u001b[39m   \u001b[33mHttpCode\u001b[39m\u001b[33m,\u001b[39m\n     \u001b[90m   |\u001b[39m                                \u001b[31m\u001b[1m^\u001b[22m\u001b[39m\n     \u001b[90m 5 |\u001b[39m   \u001b[33mHttpStatus\u001b[39m\u001b[33m,\u001b[39m\n     \u001b[90m 6 |\u001b[39m   \u001b[33mPost\u001b[39m\u001b[33m,\u001b[39m\n     \u001b[90m 7 |\u001b[39m   \u001b[33mRequest\u001b[39m\u001b[33m,\u001b[39m\u001b[0m\n\n      at ../node_modules/@nestjs/common/decorators/core/version.decorator.js:16:82\n      at DecorateConstructor (../node_modules/reflect-metadata/Reflect.js:549:33)\n      at Reflect.decorate (../node_modules/reflect-metadata/Reflect.js:143:24)\n      at __decorate (stellar-auth/auth.controller.ts:4:92)\n      at Object.<anonymous> (stellar-auth/auth.controller.ts:21:28)\n      at Object.<anonymous> (stellar-auth/auth.controller.spec.ts:2:1)\n","name":"C:\\Users\\HP\\Desktop\\ahjoorxmr-backend\\ahjoorxmr\\src\\stellar-auth\\auth.controller.spec.ts","startTime":1774710501850,"status":"failed","summary":""},{"assertionResults":[],"coverage":{},"endTime":1774710501850,"message":"  ● Test suite failed to run\n\n    Cannot find module '../entities/contribution.entity' from 'Implement Processor Logic/contributions.service.ts'\n\n    Require stack:\n      Implement Processor Logic/contributions.service.ts\n      Implement Processor Logic/contributions.service.spec.ts\n\n    \u001b[0m \u001b[90m 2 |\u001b[39m \u001b[36mimport\u001b[39m { \u001b[33mInjectRepository\u001b[39m } \u001b[36mfrom\u001b[39m \u001b[32m'@nestjs/typeorm'\u001b[39m\u001b[33m;\u001b[39m\n     \u001b[90m 3 |\u001b[39m \u001b[36mimport\u001b[39m { \u001b[33mRepository\u001b[39m } \u001b[36mfrom\u001b[39m \u001b[32m'typeorm'\u001b[39m\u001b[33m;\u001b[39m\n    \u001b[31m\u001b[1m>\u001b[22m\u001b[39m\u001b[90m 4 |\u001b[39m \u001b[36mimport\u001b[39m { \u001b[33mContribution\u001b[39m } \u001b[36mfrom\u001b[39m \u001b[32m'../entities/contribution.entity'\u001b[39m\u001b[33m;\u001b[39m\n     \u001b[90m   |\u001b[39m \u001b[31m\u001b[1m^\u001b[22m\u001b[39m\n     \u001b[90m 5 |\u001b[39m\n     \u001b[90m 6 |\u001b[39m \u001b[36mexport\u001b[39m \u001b[36minterface\u001b[39m \u001b[33mRecordContributionDto\u001b[39m {\n     \u001b[90m 7 |\u001b[39m   \u001b[36mfrom\u001b[39m\u001b[33m:\u001b[39m string\u001b[33m;\u001b[39m\u001b[0m\n\n      at Resolver._throwModNotFoundError (../node_modules/jest-resolve/build/index.js:863:11)\n      at Object.<anonymous> (Implement Processor Logic/contributions.service.ts:4:1)\n      at Object.<anonymous> (Implement Processor Logic/contributions.service.spec.ts:5:1)\n","name":"C:\\Users\\HP\\Desktop\\ahjoorxmr-backend\\ahjoorxmr\\src\\Implement Processor Logic\\contributions.service.spec.ts","startTime":1774710501850,"status":"failed","summary":""},{"assertionResults":[],"coverage":{},"endTime":1774710501850,"message":"  ● Test suite failed to run\n\n    TypeError: Cannot read properties of undefined (reading 'value')\n\n    \u001b[0m \u001b[90m 2 |\u001b[39m   \u001b[33mController\u001b[39m\u001b[33m,\u001b[39m\n     \u001b[90m 3 |\u001b[39m   \u001b[33mGet\u001b[39m\u001b[33m,\u001b[39m\n    \u001b[31m\u001b[1m>\u001b[22m\u001b[39m\u001b[90m 4 |\u001b[39m   \u001b[33mParam\u001b[39m\u001b[33m,\u001b[39m\n     \u001b[90m   |\u001b[39m                             \u001b[31m\u001b[1m^\u001b[22m\u001b[39m\n     \u001b[90m 5 |\u001b[39m   \u001b[33mQuery\u001b[39m\u001b[33m,\u001b[39m\n     \u001b[90m 6 |\u001b[39m   \u001b[33mParseUUIDPipe\u001b[39m\u001b[33m,\u001b[39m\n     \u001b[90m 7 |\u001b[39m   \u001b[33mDefaultValuePipe\u001b[39m\u001b[33m,\u001b[39m\u001b[0m\n\n      at ../node_modules/@nestjs/common/decorators/core/version.decorator.js:16:82\n      at DecorateConstructor (../node_modules/reflect-metadata/Reflect.js:549:33)\n      at Reflect.decorate (../node_modules/reflect-metadata/Reflect.js:143:24)\n      at __decorate (groups/groups-v2.controller.ts:4:92)\n      at Object.<anonymous> (groups/groups-v2.controller.ts:41:32)\n      at Object.<anonymous> (groups/groups.module.ts:4:1)\n      at Object.<anonymous> (groups/__tests__/activate-group.e2e.spec.ts:5:1)\n","name":"C:\\Users\\HP\\Desktop\\ahjoorxmr-backend\\ahjoorxmr\\src\\groups\\__tests__\\activate-group.e2e.spec.ts","startTime":1774710501850,"status":"failed","summary":""},{"assertionResults":[],"coverage":{},"endTime":1774710501850,"message":"  ● Test suite failed to run\n\n    Cannot find module '../../queue/queue.constants' from 'bullmq/queue.constants.spec.ts'\n\n    \u001b[0m\u001b[31m\u001b[1m>\u001b[22m\u001b[39m\u001b[90m 1 |\u001b[39m \u001b[36mimport\u001b[39m {\n     \u001b[90m   |\u001b[39m \u001b[31m\u001b[1m^\u001b[22m\u001b[39m\n     \u001b[90m 2 |\u001b[39m   \u001b[33mQUEUE_NAMES\u001b[39m\u001b[33m,\u001b[39m\n     \u001b[90m 3 |\u001b[39m   \u001b[33mJOB_NAMES\u001b[39m\u001b[33m,\u001b[39m\n     \u001b[90m 4 |\u001b[39m   \u001b[33mBACKOFF_DELAYS\u001b[39m\u001b[33m,\u001b[39m\u001b[0m\n\n      at Resolver._throwModNotFoundError (../node_modules/jest-resolve/build/index.js:863:11)\n      at Object.<anonymous> (bullmq/queue.constants.spec.ts:1:1)\n","name":"C:\\Users\\HP\\Desktop\\ahjoorxmr-backend\\ahjoorxmr\\src\\bullmq\\queue.constants.spec.ts","startTime":1774710501850,"status":"failed","summary":""},{"assertionResults":[],"coverage":{},"endTime":1774710501850,"message":"  ● Test suite failed to run\n\n    Cannot find module '../entities/group.entity' from 'Implement Processor Logic/group-sync.processor.ts'\n\n    Require stack:\n      Implement Processor Logic/group-sync.processor.ts\n      Implement Processor Logic/group-sync.processor.spec.ts\n\n    \u001b[0m \u001b[90m 4 |\u001b[39m \u001b[36mimport\u001b[39m { \u001b[33mInjectRepository\u001b[39m } \u001b[36mfrom\u001b[39m \u001b[32m'@nestjs/typeorm'\u001b[39m\u001b[33m;\u001b[39m\n     \u001b[90m 5 |\u001b[39m \u001b[36mimport\u001b[39m { \u001b[33mRepository\u001b[39m } \u001b[36mfrom\u001b[39m \u001b[32m'typeorm'\u001b[39m\u001b[33m;\u001b[39m\n    \u001b[31m\u001b[1m>\u001b[22m\u001b[39m\u001b[90m 6 |\u001b[39m \u001b[36mimport\u001b[39m { \u001b[33mGroup\u001b[39m } \u001b[36mfrom\u001b[39m \u001b[32m'../entities/group.entity'\u001b[39m\u001b[33m;\u001b[39m\n     \u001b[90m   |\u001b[39m \u001b[31m\u001b[1m^\u001b[22m\u001b[39m\n     \u001b[90m 7 |\u001b[39m \u001b[36mimport\u001b[39m { \u001b[33mStellarService\u001b[39m } \u001b[36mfrom\u001b[39m \u001b[32m'../stellar/stellar.service'\u001b[39m\u001b[33m;\u001b[39m\n     \u001b[90m 8 |\u001b[39m\n     \u001b[90m 9 |\u001b[39m \u001b[36mexport\u001b[39m \u001b[36mconst\u001b[39m \u001b[33mGROUP_SYNC_QUEUE\u001b[39m \u001b[33m=\u001b[39m \u001b[32m'group-sync'\u001b[39m\u001b[33m;\u001b[39m\u001b[0m\n\n      at Resolver._throwModNotFoundError (../node_modules/jest-resolve/build/index.js:863:11)\n      at Object.<anonymous> (Implement Processor Logic/group-sync.processor.ts:6:1)\n      at Object.<anonymous> (Implement Processor Logic/group-sync.processor.spec.ts:6:1)\n","name":"C:\\Users\\HP\\Desktop\\ahjoorxmr-backend\\ahjoorxmr\\src\\Implement Processor Logic\\group-sync.processor.spec.ts","startTime":1774710501850,"status":"failed","summary":""},{"assertionResults":[],"coverage":{},"endTime":1774710501850,"message":"  ● Test suite failed to run\n\n    Cannot find module '../../queue/queue-admin.controller' from 'bullmq/queue-admin.controller.spec.ts'\n\n    \u001b[0m \u001b[90m 1 |\u001b[39m \u001b[36mimport\u001b[39m { \u001b[33mTest\u001b[39m\u001b[33m,\u001b[39m \u001b[33mTestingModule\u001b[39m } \u001b[36mfrom\u001b[39m \u001b[32m'@nestjs/testing'\u001b[39m\u001b[33m;\u001b[39m\n    \u001b[31m\u001b[1m>\u001b[22m\u001b[39m\u001b[90m 2 |\u001b[39m \u001b[36mimport\u001b[39m { \u001b[33mQueueAdminController\u001b[39m } \u001b[36mfrom\u001b[39m \u001b[32m'../../queue/queue-admin.controller'\u001b[39m\u001b[33m;\u001b[39m\n     \u001b[90m   |\u001b[39m \u001b[31m\u001b[1m^\u001b[22m\u001b[39m\n     \u001b[90m 3 |\u001b[39m \u001b[36mimport\u001b[39m { \u001b[33mQueueService\u001b[39m\u001b[33m,\u001b[39m \u001b[33mAllQueueStats\u001b[39m } \u001b[36mfrom\u001b[39m \u001b[32m'../../queue/queue.service'\u001b[39m\u001b[33m;\u001b[39m\n     \u001b[90m 4 |\u001b[39m \u001b[36mimport\u001b[39m { \u001b[33mQUEUE_NAMES\u001b[39m } \u001b[36mfrom\u001b[39m \u001b[32m'../../queue/queue.constants'\u001b[39m\u001b[33m;\u001b[39m\n     \u001b[90m 5 |\u001b[39m\u001b[0m\n\n      at Resolver._throwModNotFoundError (../node_modules/jest-resolve/build/index.js:863:11)\n      at Object.<anonymous> (bullmq/queue-admin.controller.spec.ts:2:1)\n","name":"C:\\Users\\HP\\Desktop\\ahjoorxmr-backend\\ahjoorxmr\\src\\bullmq\\queue-admin.controller.spec.ts","startTime":1774710501850,"status":"failed","summary":""},{"assertionResults":[],"coverage":{},"endTime":1774710501850,"message":"  ● Test suite failed to run\n\n    Cannot find module '../entities/on-chain-event.entity' from 'Implement Processor Logic/event-sync.processor.ts'\n\n    Require stack:\n      Implement Processor Logic/event-sync.processor.ts\n      Implement Processor Logic/event-sync.processor.spec.ts\n\n    \u001b[0m \u001b[90m 4 |\u001b[39m \u001b[36mimport\u001b[39m { \u001b[33mInjectRepository\u001b[39m } \u001b[36mfrom\u001b[39m \u001b[32m'@nestjs/typeorm'\u001b[39m\u001b[33m;\u001b[39m\n     \u001b[90m 5 |\u001b[39m \u001b[36mimport\u001b[39m { \u001b[33mRepository\u001b[39m } \u001b[36mfrom\u001b[39m \u001b[32m'typeorm'\u001b[39m\u001b[33m;\u001b[39m\n    \u001b[31m\u001b[1m>\u001b[22m\u001b[39m\u001b[90m 6 |\u001b[39m \u001b[36mimport\u001b[39m { \u001b[33mOnChainEvent\u001b[39m } \u001b[36mfrom\u001b[39m \u001b[32m'../entities/on-chain-event.entity'\u001b[39m\u001b[33m;\u001b[39m\n     \u001b[90m   |\u001b[39m \u001b[31m\u001b[1m^\u001b[22m\u001b[39m\n     \u001b[90m 7 |\u001b[39m \u001b[36mimport\u001b[39m { \u001b[33mApprovalEvent\u001b[39m } \u001b[36mfrom\u001b[39m \u001b[32m'../entities/approval-event.entity'\u001b[39m\u001b[33m;\u001b[39m\n     \u001b[90m 8 |\u001b[39m \u001b[36mimport\u001b[39m { \u001b[33mContributionsService\u001b[39m } \u001b[36mfrom\u001b[39m \u001b[32m'../contributions/contributions.service'\u001b[39m\u001b[33m;\u001b[39m\n     \u001b[90m 9 |\u001b[39m\u001b[0m\n\n      at Resolver._throwModNotFoundError (../node_modules/jest-resolve/build/index.js:863:11)\n      at Object.<anonymous> (Implement Processor Logic/event-sync.processor.ts:6:1)\n      at Object.<anonymous> (Implement Processor Logic/event-sync.processor.spec.ts:6:1)\n","name":"C:\\Users\\HP\\Desktop\\ahjoorxmr-backend\\ahjoorxmr\\src\\Implement Processor Logic\\event-sync.processor.spec.ts","startTime":1774710501850,"status":"failed","summary":""},{"assertionResults":[],"coverage":{},"endTime":1774710501850,"message":"  ● Test suite failed to run\n\n    Cannot find module '../entities/notification.entity' from 'contribution-summarry-scheduler/notifications.service.spec.ts'\n\n    \u001b[0m \u001b[90m 3 |\u001b[39m \u001b[36mimport\u001b[39m { \u001b[33mQueryFailedError\u001b[39m } \u001b[36mfrom\u001b[39m \u001b[32m'typeorm'\u001b[39m\u001b[33m;\u001b[39m\n     \u001b[90m 4 |\u001b[39m\n    \u001b[31m\u001b[1m>\u001b[22m\u001b[39m\u001b[90m 5 |\u001b[39m \u001b[36mimport\u001b[39m { \u001b[33mNotification\u001b[39m } \u001b[36mfrom\u001b[39m \u001b[32m'../entities/notification.entity'\u001b[39m\u001b[33m;\u001b[39m\n     \u001b[90m   |\u001b[39m \u001b[31m\u001b[1m^\u001b[22m\u001b[39m\n     \u001b[90m 6 |\u001b[39m \u001b[36mimport\u001b[39m { \u001b[33mNotificationType\u001b[39m } \u001b[36mfrom\u001b[39m \u001b[32m'../enums/notification-type.enum'\u001b[39m\u001b[33m;\u001b[39m\n     \u001b[90m 7 |\u001b[39m \u001b[36mimport\u001b[39m { \u001b[33mNotificationsService\u001b[39m } \u001b[36mfrom\u001b[39m \u001b[32m'./notifications.service'\u001b[39m\u001b[33m;\u001b[39m\n     \u001b[90m 8 |\u001b[39m\u001b[0m\n\n      at Resolver._throwModNotFoundError (../node_modules/jest-resolve/build/index.js:863:11)\n      at Object.<anonymous> (contribution-summarry-scheduler/notifications.service.spec.ts:5:1)\n","name":"C:\\Users\\HP\\Desktop\\ahjoorxmr-backend\\ahjoorxmr\\src\\contribution-summarry-scheduler\\notifications.service.spec.ts","startTime":1774710501850,"status":"failed","summary":""},{"assertionResults":[],"coverage":{},"endTime":1774710501850,"message":"  ● Test suite failed to run\n\n    Cannot find module './config/contribution-summary.config' from 'contribution-summarry-scheduler/contribution-summary.service.spec.ts'\n\n    \u001b[0m \u001b[90m 4 |\u001b[39m \u001b[36mimport\u001b[39m { \u001b[33mCronJob\u001b[39m } \u001b[36mfrom\u001b[39m \u001b[32m'cron'\u001b[39m\u001b[33m;\u001b[39m\n     \u001b[90m 5 |\u001b[39m\n    \u001b[31m\u001b[1m>\u001b[22m\u001b[39m\u001b[90m 6 |\u001b[39m \u001b[36mimport\u001b[39m { contributionSummaryConfig } \u001b[36mfrom\u001b[39m \u001b[32m'./config/contribution-summary.config'\u001b[39m\u001b[33m;\u001b[39m\n     \u001b[90m   |\u001b[39m \u001b[31m\u001b[1m^\u001b[22m\u001b[39m\n     \u001b[90m 7 |\u001b[39m \u001b[36mimport\u001b[39m { \u001b[33mContributionSummaryService\u001b[39m } \u001b[36mfrom\u001b[39m \u001b[32m'./contribution-summary.service'\u001b[39m\u001b[33m;\u001b[39m\n     \u001b[90m 8 |\u001b[39m \u001b[36mimport\u001b[39m { \u001b[33mGroup\u001b[39m } \u001b[36mfrom\u001b[39m \u001b[32m'./entities/group.entity'\u001b[39m\u001b[33m;\u001b[39m\n     \u001b[90m 9 |\u001b[39m \u001b[36mimport\u001b[39m { \u001b[33mGroupStatus\u001b[39m } \u001b[36mfrom\u001b[39m \u001b[32m'./enums/group-status.enum'\u001b[39m\u001b[33m;\u001b[39m\u001b[0m\n\n      at Resolver._throwModNotFoundError (../node_modules/jest-resolve/build/index.js:863:11)\n      at Object.<anonymous> (contribution-summarry-scheduler/contribution-summary.service.spec.ts:6:1)\n","name":"C:\\Users\\HP\\Desktop\\ahjoorxmr-backend\\ahjoorxmr\\src\\contribution-summarry-scheduler\\contribution-summary.service.spec.ts","startTime":1774710501850,"status":"failed","summary":""},{"assertionResults":[],"coverage":{},"endTime":1774710501850,"message":"  ● Test suite failed to run\n\n    Cannot find module '../../queue/dead-letter.service' from 'bullmq/dead-letter.service.spec.ts'\n\n    \u001b[0m \u001b[90m 2 |\u001b[39m \u001b[36mimport\u001b[39m { getQueueToken } \u001b[36mfrom\u001b[39m \u001b[32m'@nestjs/bullmq'\u001b[39m\u001b[33m;\u001b[39m\n     \u001b[90m 3 |\u001b[39m \u001b[36mimport\u001b[39m { \u001b[33mJob\u001b[39m\u001b[33m,\u001b[39m \u001b[33mQueue\u001b[39m } \u001b[36mfrom\u001b[39m \u001b[32m'bullmq'\u001b[39m\u001b[33m;\u001b[39m\n    \u001b[31m\u001b[1m>\u001b[22m\u001b[39m\u001b[90m 4 |\u001b[39m \u001b[36mimport\u001b[39m { \u001b[33mDeadLetterService\u001b[39m } \u001b[36mfrom\u001b[39m \u001b[32m'../../queue/dead-letter.service'\u001b[39m\u001b[33m;\u001b[39m\n     \u001b[90m   |\u001b[39m \u001b[31m\u001b[1m^\u001b[22m\u001b[39m\n     \u001b[90m 5 |\u001b[39m \u001b[36mimport\u001b[39m { \u001b[33mQUEUE_NAMES\u001b[39m\u001b[33m,\u001b[39m \u001b[33mJOB_NAMES\u001b[39m } \u001b[36mfrom\u001b[39m \u001b[32m'../../queue/queue.constants'\u001b[39m\u001b[33m;\u001b[39m\n     \u001b[90m 6 |\u001b[39m\n     \u001b[90m 7 |\u001b[39m \u001b[36mconst\u001b[39m makeJob \u001b[33m=\u001b[39m (overrides\u001b[33m:\u001b[39m \u001b[33mPartial\u001b[39m\u001b[33m<\u001b[39m\u001b[33mJob\u001b[39m\u001b[33m>\u001b[39m \u001b[33m=\u001b[39m {})\u001b[33m:\u001b[39m \u001b[33mJob\u001b[39m \u001b[33m=>\u001b[39m\u001b[0m\n\n      at Resolver._throwModNotFoundError (../node_modules/jest-resolve/build/index.js:863:11)\n      at Object.<anonymous> (bullmq/dead-letter.service.spec.ts:4:1)\n","name":"C:\\Users\\HP\\Desktop\\ahjoorxmr-backend\\ahjoorxmr\\src\\bullmq\\dead-letter.service.spec.ts","startTime":1774710501850,"status":"failed","summary":""},{"assertionResults":[],"coverage":{},"endTime":1774710501850,"message":"  ● Test suite failed to run\n\n    Cannot find module 'passport-jwt' from 'auth/strategies/jwt.strategy.ts'\n\n    Require stack:\n      auth/strategies/jwt.strategy.ts\n      auth/auth.module.ts\n      auth/stellar-auth.integration.spec.ts\n\n    \u001b[0m \u001b[90m 1 |\u001b[39m \u001b[36mimport\u001b[39m { \u001b[33mInjectable\u001b[39m\u001b[33m,\u001b[39m \u001b[33mUnauthorizedException\u001b[39m } \u001b[36mfrom\u001b[39m \u001b[32m'@nestjs/common'\u001b[39m\u001b[33m;\u001b[39m\n     \u001b[90m 2 |\u001b[39m \u001b[36mimport\u001b[39m { \u001b[33mPassportStrategy\u001b[39m } \u001b[36mfrom\u001b[39m \u001b[32m'@nestjs/passport'\u001b[39m\u001b[33m;\u001b[39m\n    \u001b[31m\u001b[1m>\u001b[22m\u001b[39m\u001b[90m 3 |\u001b[39m \u001b[36mimport\u001b[39m { \u001b[33mExtractJwt\u001b[39m\u001b[33m,\u001b[39m \u001b[33mStrategy\u001b[39m } \u001b[36mfrom\u001b[39m \u001b[32m'passport-jwt'\u001b[39m\u001b[33m;\u001b[39m\n     \u001b[90m   |\u001b[39m \u001b[31m\u001b[1m^\u001b[22m\u001b[39m\n     \u001b[90m 4 |\u001b[39m \u001b[36mimport\u001b[39m { \u001b[33mConfigService\u001b[39m } \u001b[36mfrom\u001b[39m \u001b[32m'@nestjs/config'\u001b[39m\u001b[33m;\u001b[39m\n     \u001b[90m 5 |\u001b[39m \u001b[36mimport\u001b[39m { \u001b[33mUsersService\u001b[39m } \u001b[36mfrom\u001b[39m \u001b[32m'../../users/users.service'\u001b[39m\u001b[33m;\u001b[39m\n     \u001b[90m 6 |\u001b[39m\u001b[0m\n\n      at Resolver._throwModNotFoundError (../node_modules/jest-resolve/build/index.js:863:11)\n      at Object.<anonymous> (auth/strategies/jwt.strategy.ts:3:1)\n      at Object.<anonymous> (auth/auth.module.ts:7:1)\n      at Object.<anonymous> (auth/stellar-auth.integration.spec.ts:8:1)\n","name":"C:\\Users\\HP\\Desktop\\ahjoorxmr-backend\\ahjoorxmr\\src\\auth\\stellar-auth.integration.spec.ts","startTime":1774710501850,"status":"failed","summary":""}],"wasInterrupted":false}
